{"C:\\Users\\lucas\\Documents\\projetos dev\\monteOnlinePc\\src\\components\\Input\\index.tsx": {"path":"C:\\Users\\lucas\\Documents\\projetos dev\\monteOnlinePc\\src\\components\\Input\\index.tsx","statementMap":{"0":{"start":{"line":12,"column":4},"end":{"line":22,"column":5}},"1":{"start":{"line":26,"column":44},"end":{"line":26,"column":59}},"2":{"start":{"line":28,"column":31},"end":{"line":30,"column":5}},"3":{"start":{"line":29,"column":8},"end":{"line":29,"column":39}},"4":{"start":{"line":32,"column":4},"end":{"line":50,"column":5}},"5":{"start":{"line":53,"column":25},"end":{"line":53,"column":39}}},"fnMap":{"0":{"name":"Input","decl":{"start":{"line":11,"column":16},"end":{"line":11,"column":21}},"loc":{"start":{"line":11,"column":89},"end":{"line":23,"column":1}},"line":11},"1":{"name":"PasswordInput","decl":{"start":{"line":25,"column":16},"end":{"line":25,"column":29}},"loc":{"start":{"line":25,"column":98},"end":{"line":51,"column":1}},"line":25},"2":{"name":"(anonymous_2)","decl":{"start":{"line":28,"column":31},"end":{"line":28,"column":32}},"loc":{"start":{"line":28,"column":37},"end":{"line":30,"column":5}},"line":28}},"branchMap":{"0":{"loc":{"start":{"line":43,"column":26},"end":{"line":43,"column":58}},"type":"cond-expr","locations":[{"start":{"line":43,"column":41},"end":{"line":43,"column":46}},{"start":{"line":43,"column":49},"end":{"line":43,"column":58}}],"line":43}},"s":{"0":0,"1":0,"2":0,"3":0,"4":0,"5":0},"f":{"0":0,"1":0,"2":0},"b":{"0":[0,0]}}
,"C:\\Users\\lucas\\Documents\\projetos dev\\monteOnlinePc\\src\\components\\Skeleton\\index.tsx": {"path":"C:\\Users\\lucas\\Documents\\projetos dev\\monteOnlinePc\\src\\components\\Skeleton\\index.tsx","statementMap":{"0":{"start":{"line":4,"column":24},"end":{"line":33,"column":1}},"1":{"start":{"line":5,"column":21},"end":{"line":5,"column":60}},"2":{"start":{"line":7,"column":4},"end":{"line":22,"column":19}},"3":{"start":{"line":8,"column":8},"end":{"line":21,"column":18}},"4":{"start":{"line":24,"column":4},"end":{"line":32,"column":6}},"5":{"start":{"line":35,"column":15},"end":{"line":40,"column":2}}},"fnMap":{"0":{"name":"(anonymous_0)","decl":{"start":{"line":4,"column":24},"end":{"line":4,"column":25}},"loc":{"start":{"line":4,"column":122},"end":{"line":33,"column":1}},"line":4},"1":{"name":"(anonymous_1)","decl":{"start":{"line":7,"column":14},"end":{"line":7,"column":15}},"loc":{"start":{"line":7,"column":20},"end":{"line":22,"column":5}},"line":7}},"branchMap":{},"s":{"0":0,"1":0,"2":0,"3":0,"4":0,"5":0},"f":{"0":0,"1":0},"b":{}}
,"C:\\Users\\lucas\\Documents\\projetos dev\\monteOnlinePc\\src\\components\\addBuild\\index.tsx": {"path":"C:\\Users\\lucas\\Documents\\projetos dev\\monteOnlinePc\\src\\components\\addBuild\\index.tsx","statementMap":{"0":{"start":{"line":15,"column":4},"end":{"line":35,"column":5}}},"fnMap":{"0":{"name":"AddBuild","decl":{"start":{"line":14,"column":16},"end":{"line":14,"column":24}},"loc":{"start":{"line":14,"column":74},"end":{"line":36,"column":1}},"line":14}},"branchMap":{},"s":{"0":0},"f":{"0":0},"b":{}}
,"C:\\Users\\lucas\\Documents\\projetos dev\\monteOnlinePc\\src\\components\\addComponents\\index.tsx": {"path":"C:\\Users\\lucas\\Documents\\projetos dev\\monteOnlinePc\\src\\components\\addComponents\\index.tsx","statementMap":{"0":{"start":{"line":17,"column":44},"end":{"line":17,"column":58}},"1":{"start":{"line":19,"column":4},"end":{"line":55,"column":5}},"2":{"start":{"line":28,"column":20},"end":{"line":30,"column":27}},"3":{"start":{"line":41,"column":37},"end":{"line":41,"column":59}}},"fnMap":{"0":{"name":"AddComponents","decl":{"start":{"line":16,"column":16},"end":{"line":16,"column":29}},"loc":{"start":{"line":16,"column":93},"end":{"line":56,"column":1}},"line":16},"1":{"name":"(anonymous_1)","decl":{"start":{"line":27,"column":45},"end":{"line":27,"column":46}},"loc":{"start":{"line":28,"column":20},"end":{"line":30,"column":27}},"line":28},"2":{"name":"(anonymous_2)","decl":{"start":{"line":41,"column":31},"end":{"line":41,"column":32}},"loc":{"start":{"line":41,"column":37},"end":{"line":41,"column":59}},"line":41}},"branchMap":{"0":{"loc":{"start":{"line":35,"column":17},"end":{"line":35,"column":104}},"type":"binary-expr","locations":[{"start":{"line":35,"column":17},"end":{"line":35,"column":29}},{"start":{"line":35,"column":33},"end":{"line":35,"column":104}}],"line":35}},"s":{"0":0,"1":0,"2":0,"3":0},"f":{"0":0,"1":0,"2":0},"b":{"0":[0,0]}}
,"C:\\Users\\lucas\\Documents\\projetos dev\\monteOnlinePc\\src\\components\\button\\index.tsx": {"path":"C:\\Users\\lucas\\Documents\\projetos dev\\monteOnlinePc\\src\\components\\button\\index.tsx","statementMap":{"0":{"start":{"line":14,"column":27},"end":{"line":32,"column":5}},"1":{"start":{"line":15,"column":8},"end":{"line":31,"column":9}},"2":{"start":{"line":17,"column":16},"end":{"line":20,"column":18}},"3":{"start":{"line":22,"column":16},"end":{"line":25,"column":18}},"4":{"start":{"line":27,"column":16},"end":{"line":30,"column":18}},"5":{"start":{"line":34,"column":26},"end":{"line":43,"column":5}},"6":{"start":{"line":35,"column":8},"end":{"line":42,"column":9}},"7":{"start":{"line":37,"column":16},"end":{"line":37,"column":40}},"8":{"start":{"line":39,"column":16},"end":{"line":39,"column":40}},"9":{"start":{"line":41,"column":16},"end":{"line":41,"column":40}},"10":{"start":{"line":45,"column":4},"end":{"line":58,"column":5}}},"fnMap":{"0":{"name":"Button","decl":{"start":{"line":13,"column":16},"end":{"line":13,"column":22}},"loc":{"start":{"line":13,"column":106},"end":{"line":59,"column":1}},"line":13},"1":{"name":"(anonymous_1)","decl":{"start":{"line":14,"column":27},"end":{"line":14,"column":28}},"loc":{"start":{"line":14,"column":60},"end":{"line":32,"column":5}},"line":14},"2":{"name":"(anonymous_2)","decl":{"start":{"line":34,"column":26},"end":{"line":34,"column":27}},"loc":{"start":{"line":34,"column":48},"end":{"line":43,"column":5}},"line":34}},"branchMap":{"0":{"loc":{"start":{"line":13,"column":47},"end":{"line":13,"column":61}},"type":"default-arg","locations":[{"start":{"line":13,"column":54},"end":{"line":13,"column":61}}],"line":13},"1":{"loc":{"start":{"line":15,"column":8},"end":{"line":31,"column":9}},"type":"switch","locations":[{"start":{"line":16,"column":12},"end":{"line":20,"column":18}},{"start":{"line":21,"column":12},"end":{"line":25,"column":18}},{"start":{"line":26,"column":12},"end":{"line":30,"column":18}}],"line":15},"2":{"loc":{"start":{"line":35,"column":8},"end":{"line":42,"column":9}},"type":"switch","locations":[{"start":{"line":36,"column":12},"end":{"line":37,"column":40}},{"start":{"line":38,"column":12},"end":{"line":39,"column":40}},{"start":{"line":40,"column":12},"end":{"line":41,"column":40}}],"line":35}},"s":{"0":0,"1":0,"2":0,"3":0,"4":0,"5":0,"6":0,"7":0,"8":0,"9":0,"10":0},"f":{"0":0,"1":0,"2":0},"b":{"0":[0],"1":[0,0,0],"2":[0,0,0]}}
,"C:\\Users\\lucas\\Documents\\projetos dev\\monteOnlinePc\\src\\components\\chooseComponentScreen\\index.tsx": {"path":"C:\\Users\\lucas\\Documents\\projetos dev\\monteOnlinePc\\src\\components\\chooseComponentScreen\\index.tsx","statementMap":{"0":{"start":{"line":53,"column":42},"end":{"line":53,"column":62}},"1":{"start":{"line":54,"column":46},"end":{"line":54,"column":82}},"2":{"start":{"line":55,"column":46},"end":{"line":55,"column":82}},"3":{"start":{"line":57,"column":29},"end":{"line":69,"column":5}},"4":{"start":{"line":58,"column":27},"end":{"line":63,"column":9}},"5":{"start":{"line":64,"column":25},"end":{"line":64,"column":105}},"6":{"start":{"line":65,"column":8},"end":{"line":65,"column":33}},"7":{"start":{"line":66,"column":8},"end":{"line":68,"column":9}},"8":{"start":{"line":67,"column":12},"end":{"line":67,"column":35}},"9":{"start":{"line":71,"column":29},"end":{"line":78,"column":5}},"10":{"start":{"line":72,"column":8},"end":{"line":77,"column":9}},"11":{"start":{"line":73,"column":12},"end":{"line":76,"column":14}},"12":{"start":{"line":80,"column":34},"end":{"line":133,"column":5}},"13":{"start":{"line":81,"column":8},"end":{"line":132,"column":9}},"14":{"start":{"line":82,"column":12},"end":{"line":86,"column":15}},"15":{"start":{"line":89,"column":35},"end":{"line":89,"column":82}},"16":{"start":{"line":90,"column":39},"end":{"line":90,"column":90}},"17":{"start":{"line":91,"column":41},"end":{"line":91,"column":94}},"18":{"start":{"line":93,"column":12},"end":{"line":99,"column":15}},"19":{"start":{"line":101,"column":12},"end":{"line":119,"column":13}},"20":{"start":{"line":103,"column":16},"end":{"line":103,"column":97}},"21":{"start":{"line":106,"column":16},"end":{"line":109,"column":18}},"22":{"start":{"line":111,"column":16},"end":{"line":111,"column":86}},"23":{"start":{"line":114,"column":16},"end":{"line":117,"column":19}},"24":{"start":{"line":118,"column":16},"end":{"line":118,"column":23}},"25":{"start":{"line":122,"column":12},"end":{"line":122,"column":86}},"26":{"start":{"line":123,"column":12},"end":{"line":126,"column":14}},"27":{"start":{"line":127,"column":12},"end":{"line":129,"column":14}},"28":{"start":{"line":131,"column":12},"end":{"line":131,"column":65}},"29":{"start":{"line":135,"column":25},"end":{"line":145,"column":5}},"30":{"start":{"line":136,"column":66},"end":{"line":136,"column":83}},"31":{"start":{"line":138,"column":32},"end":{"line":138,"column":35}},"32":{"start":{"line":140,"column":8},"end":{"line":144,"column":9}},"33":{"start":{"line":141,"column":12},"end":{"line":143,"column":13}},"34":{"start":{"line":142,"column":16},"end":{"line":142,"column":29}},"35":{"start":{"line":147,"column":25},"end":{"line":152,"column":5}},"36":{"start":{"line":149,"column":8},"end":{"line":151,"column":9}},"37":{"start":{"line":150,"column":12},"end":{"line":150,"column":27}},"38":{"start":{"line":155,"column":4},"end":{"line":159,"column":21}},"39":{"start":{"line":156,"column":8},"end":{"line":158,"column":9}},"40":{"start":{"line":157,"column":12},"end":{"line":157,"column":39}},"41":{"start":{"line":161,"column":4},"end":{"line":303,"column":6}},"42":{"start":{"line":175,"column":43},"end":{"line":175,"column":62}},"43":{"start":{"line":207,"column":58},"end":{"line":207,"column":74}},"44":{"start":{"line":266,"column":24},"end":{"line":273,"column":26}},"45":{"start":{"line":272,"column":43},"end":{"line":272,"column":75}}},"fnMap":{"0":{"name":"ChooseComponentScreen","decl":{"start":{"line":35,"column":16},"end":{"line":35,"column":37}},"loc":{"start":{"line":51,"column":31},"end":{"line":304,"column":1}},"line":51},"1":{"name":"(anonymous_1)","decl":{"start":{"line":57,"column":29},"end":{"line":57,"column":30}},"loc":{"start":{"line":57,"column":35},"end":{"line":69,"column":5}},"line":57},"2":{"name":"(anonymous_2)","decl":{"start":{"line":71,"column":29},"end":{"line":71,"column":30}},"loc":{"start":{"line":71,"column":35},"end":{"line":78,"column":5}},"line":71},"3":{"name":"(anonymous_3)","decl":{"start":{"line":80,"column":34},"end":{"line":80,"column":35}},"loc":{"start":{"line":80,"column":60},"end":{"line":133,"column":5}},"line":80},"4":{"name":"(anonymous_4)","decl":{"start":{"line":135,"column":25},"end":{"line":135,"column":26}},"loc":{"start":{"line":135,"column":41},"end":{"line":145,"column":5}},"line":135},"5":{"name":"(anonymous_5)","decl":{"start":{"line":147,"column":25},"end":{"line":147,"column":26}},"loc":{"start":{"line":147,"column":43},"end":{"line":152,"column":5}},"line":147},"6":{"name":"(anonymous_6)","decl":{"start":{"line":155,"column":14},"end":{"line":155,"column":15}},"loc":{"start":{"line":155,"column":20},"end":{"line":159,"column":5}},"line":155},"7":{"name":"(anonymous_7)","decl":{"start":{"line":175,"column":37},"end":{"line":175,"column":38}},"loc":{"start":{"line":175,"column":43},"end":{"line":175,"column":62}},"line":175},"8":{"name":"(anonymous_8)","decl":{"start":{"line":207,"column":52},"end":{"line":207,"column":53}},"loc":{"start":{"line":207,"column":58},"end":{"line":207,"column":74}},"line":207},"9":{"name":"(anonymous_9)","decl":{"start":{"line":265,"column":40},"end":{"line":265,"column":41}},"loc":{"start":{"line":266,"column":24},"end":{"line":273,"column":26}},"line":266},"10":{"name":"(anonymous_10)","decl":{"start":{"line":272,"column":37},"end":{"line":272,"column":38}},"loc":{"start":{"line":272,"column":43},"end":{"line":272,"column":75}},"line":272}},"branchMap":{"0":{"loc":{"start":{"line":45,"column":4},"end":{"line":45,"column":29}},"type":"default-arg","locations":[{"start":{"line":45,"column":17},"end":{"line":45,"column":29}}],"line":45},"1":{"loc":{"start":{"line":46,"column":4},"end":{"line":46,"column":19}},"type":"default-arg","locations":[{"start":{"line":46,"column":14},"end":{"line":46,"column":19}}],"line":46},"2":{"loc":{"start":{"line":47,"column":4},"end":{"line":47,"column":25}},"type":"default-arg","locations":[{"start":{"line":47,"column":20},"end":{"line":47,"column":25}}],"line":47},"3":{"loc":{"start":{"line":48,"column":4},"end":{"line":48,"column":20}},"type":"default-arg","locations":[{"start":{"line":48,"column":18},"end":{"line":48,"column":20}}],"line":48},"4":{"loc":{"start":{"line":54,"column":55},"end":{"line":54,"column":81}},"type":"binary-expr","locations":[{"start":{"line":54,"column":55},"end":{"line":54,"column":75}},{"start":{"line":54,"column":79},"end":{"line":54,"column":81}}],"line":54},"5":{"loc":{"start":{"line":55,"column":55},"end":{"line":55,"column":81}},"type":"binary-expr","locations":[{"start":{"line":55,"column":55},"end":{"line":55,"column":75}},{"start":{"line":55,"column":79},"end":{"line":55,"column":81}}],"line":55},"6":{"loc":{"start":{"line":66,"column":8},"end":{"line":68,"column":9}},"type":"if","locations":[{"start":{"line":66,"column":8},"end":{"line":68,"column":9}},{"start":{},"end":{}}],"line":66},"7":{"loc":{"start":{"line":72,"column":8},"end":{"line":77,"column":9}},"type":"if","locations":[{"start":{"line":72,"column":8},"end":{"line":77,"column":9}},{"start":{},"end":{}}],"line":72},"8":{"loc":{"start":{"line":74,"column":16},"end":{"line":74,"column":69}},"type":"cond-expr","locations":[{"start":{"line":74,"column":32},"end":{"line":74,"column":57}},{"start":{"line":74,"column":60},"end":{"line":74,"column":69}}],"line":74},"9":{"loc":{"start":{"line":75,"column":16},"end":{"line":75,"column":69}},"type":"cond-expr","locations":[{"start":{"line":75,"column":32},"end":{"line":75,"column":57}},{"start":{"line":75,"column":60},"end":{"line":75,"column":69}}],"line":75},"10":{"loc":{"start":{"line":98,"column":27},"end":{"line":98,"column":83}},"type":"binary-expr","locations":[{"start":{"line":98,"column":27},"end":{"line":98,"column":41}},{"start":{"line":98,"column":45},"end":{"line":98,"column":83}}],"line":98},"11":{"loc":{"start":{"line":101,"column":12},"end":{"line":119,"column":13}},"type":"if","locations":[{"start":{"line":101,"column":12},"end":{"line":119,"column":13}},{"start":{},"end":{}}],"line":101},"12":{"loc":{"start":{"line":101,"column":16},"end":{"line":101,"column":94}},"type":"binary-expr","locations":[{"start":{"line":101,"column":16},"end":{"line":101,"column":30}},{"start":{"line":101,"column":34},"end":{"line":101,"column":52}},{"start":{"line":101,"column":56},"end":{"line":101,"column":94}}],"line":101},"13":{"loc":{"start":{"line":140,"column":8},"end":{"line":144,"column":9}},"type":"if","locations":[{"start":{"line":140,"column":8},"end":{"line":144,"column":9}},{"start":{},"end":{}}],"line":140},"14":{"loc":{"start":{"line":141,"column":12},"end":{"line":143,"column":13}},"type":"if","locations":[{"start":{"line":141,"column":12},"end":{"line":143,"column":13}},{"start":{},"end":{}}],"line":141},"15":{"loc":{"start":{"line":141,"column":16},"end":{"line":141,"column":55}},"type":"binary-expr","locations":[{"start":{"line":141,"column":16},"end":{"line":141,"column":23}},{"start":{"line":141,"column":27},"end":{"line":141,"column":41}},{"start":{"line":141,"column":45},"end":{"line":141,"column":55}}],"line":141},"16":{"loc":{"start":{"line":149,"column":8},"end":{"line":151,"column":9}},"type":"if","locations":[{"start":{"line":149,"column":8},"end":{"line":151,"column":9}},{"start":{},"end":{}}],"line":149},"17":{"loc":{"start":{"line":156,"column":8},"end":{"line":158,"column":9}},"type":"if","locations":[{"start":{"line":156,"column":8},"end":{"line":158,"column":9}},{"start":{},"end":{}}],"line":156},"18":{"loc":{"start":{"line":206,"column":29},"end":{"line":210,"column":29}},"type":"binary-expr","locations":[{"start":{"line":206,"column":29},"end":{"line":206,"column":51}},{"start":{"line":207,"column":32},"end":{"line":209,"column":44}}],"line":206},"19":{"loc":{"start":{"line":238,"column":29},"end":{"line":243,"column":29}},"type":"binary-expr","locations":[{"start":{"line":238,"column":29},"end":{"line":238,"column":57}},{"start":{"line":239,"column":32},"end":{"line":242,"column":35}}],"line":238},"20":{"loc":{"start":{"line":244,"column":29},"end":{"line":249,"column":29}},"type":"binary-expr","locations":[{"start":{"line":244,"column":29},"end":{"line":244,"column":56}},{"start":{"line":245,"column":32},"end":{"line":248,"column":35}}],"line":244},"21":{"loc":{"start":{"line":250,"column":29},"end":{"line":255,"column":29}},"type":"binary-expr","locations":[{"start":{"line":250,"column":29},"end":{"line":250,"column":55}},{"start":{"line":251,"column":32},"end":{"line":254,"column":35}}],"line":250},"22":{"loc":{"start":{"line":256,"column":29},"end":{"line":261,"column":29}},"type":"binary-expr","locations":[{"start":{"line":256,"column":29},"end":{"line":256,"column":56}},{"start":{"line":257,"column":32},"end":{"line":260,"column":35}}],"line":256},"23":{"loc":{"start":{"line":277,"column":21},"end":{"line":282,"column":21}},"type":"binary-expr","locations":[{"start":{"line":277,"column":21},"end":{"line":277,"column":34}},{"start":{"line":278,"column":24},"end":{"line":281,"column":31}}],"line":277},"24":{"loc":{"start":{"line":285,"column":21},"end":{"line":289,"column":21}},"type":"binary-expr","locations":[{"start":{"line":285,"column":21},"end":{"line":285,"column":29}},{"start":{"line":285,"column":33},"end":{"line":285,"column":58}},{"start":{"line":286,"column":24},"end":{"line":288,"column":31}}],"line":285},"25":{"loc":{"start":{"line":292,"column":21},"end":{"line":297,"column":21}},"type":"binary-expr","locations":[{"start":{"line":292,"column":21},"end":{"line":292,"column":48}},{"start":{"line":292,"column":52},"end":{"line":292,"column":66}},{"start":{"line":293,"column":24},"end":{"line":296,"column":31}}],"line":292}},"s":{"0":0,"1":0,"2":0,"3":0,"4":0,"5":0,"6":0,"7":0,"8":0,"9":0,"10":0,"11":0,"12":0,"13":0,"14":0,"15":0,"16":0,"17":0,"18":0,"19":0,"20":0,"21":0,"22":0,"23":0,"24":0,"25":0,"26":0,"27":0,"28":0,"29":0,"30":0,"31":0,"32":0,"33":0,"34":0,"35":0,"36":0,"37":0,"38":0,"39":0,"40":0,"41":0,"42":0,"43":0,"44":0,"45":0},"f":{"0":0,"1":0,"2":0,"3":0,"4":0,"5":0,"6":0,"7":0,"8":0,"9":0,"10":0},"b":{"0":[0],"1":[0],"2":[0],"3":[0],"4":[0,0],"5":[0,0],"6":[0,0],"7":[0,0],"8":[0,0],"9":[0,0],"10":[0,0],"11":[0,0],"12":[0,0,0],"13":[0,0],"14":[0,0],"15":[0,0,0],"16":[0,0],"17":[0,0],"18":[0,0],"19":[0,0],"20":[0,0],"21":[0,0],"22":[0,0],"23":[0,0],"24":[0,0,0],"25":[0,0,0]}}
,"C:\\Users\\lucas\\Documents\\projetos dev\\monteOnlinePc\\src\\hooks\\useComponentPagination.ts": {"path":"C:\\Users\\lucas\\Documents\\projetos dev\\monteOnlinePc\\src\\hooks\\useComponentPagination.ts","statementMap":{"0":{"start":{"line":4,"column":38},"end":{"line":137,"column":1}},"1":{"start":{"line":5,"column":28},"end":{"line":5,"column":57}},"2":{"start":{"line":6,"column":34},"end":{"line":6,"column":48}},"3":{"start":{"line":7,"column":42},"end":{"line":7,"column":57}},"4":{"start":{"line":8,"column":30},"end":{"line":8,"column":59}},"5":{"start":{"line":9,"column":28},"end":{"line":9,"column":39}},"6":{"start":{"line":10,"column":34},"end":{"line":10,"column":48}},"7":{"start":{"line":11,"column":42},"end":{"line":11,"column":70}},"8":{"start":{"line":12,"column":40},"end":{"line":12,"column":117}},"9":{"start":{"line":13,"column":36},"end":{"line":13,"column":75}},"10":{"start":{"line":14,"column":36},"end":{"line":14,"column":75}},"11":{"start":{"line":15,"column":25},"end":{"line":15,"column":38}},"12":{"start":{"line":16,"column":29},"end":{"line":16,"column":64}},"13":{"start":{"line":18,"column":22},"end":{"line":77,"column":5}},"14":{"start":{"line":19,"column":8},"end":{"line":76,"column":9}},"15":{"start":{"line":20,"column":12},"end":{"line":20,"column":121}},"16":{"start":{"line":23,"column":12},"end":{"line":26,"column":13}},"17":{"start":{"line":24,"column":16},"end":{"line":24,"column":70}},"18":{"start":{"line":25,"column":16},"end":{"line":25,"column":23}},"19":{"start":{"line":28,"column":12},"end":{"line":28,"column":40}},"20":{"start":{"line":30,"column":12},"end":{"line":34,"column":13}},"21":{"start":{"line":31,"column":16},"end":{"line":31,"column":33}},"22":{"start":{"line":33,"column":16},"end":{"line":33,"column":37}},"23":{"start":{"line":36,"column":27},"end":{"line":44,"column":13}},"24":{"start":{"line":46,"column":12},"end":{"line":50,"column":15}},"25":{"start":{"line":49,"column":60},"end":{"line":49,"column":66}},"26":{"start":{"line":52,"column":12},"end":{"line":63,"column":13}},"27":{"start":{"line":54,"column":16},"end":{"line":59,"column":19}},"28":{"start":{"line":55,"column":40},"end":{"line":55,"column":74}},"29":{"start":{"line":55,"column":65},"end":{"line":55,"column":72}},"30":{"start":{"line":56,"column":37},"end":{"line":56,"column":90}},"31":{"start":{"line":56,"column":64},"end":{"line":56,"column":89}},"32":{"start":{"line":57,"column":20},"end":{"line":57,"column":117}},"33":{"start":{"line":58,"column":20},"end":{"line":58,"column":50}},"34":{"start":{"line":61,"column":16},"end":{"line":61,"column":77}},"35":{"start":{"line":62,"column":16},"end":{"line":62,"column":37}},"36":{"start":{"line":65,"column":12},"end":{"line":65,"column":39}},"37":{"start":{"line":66,"column":12},"end":{"line":66,"column":29}},"38":{"start":{"line":67,"column":12},"end":{"line":67,"column":27}},"39":{"start":{"line":69,"column":12},"end":{"line":69,"column":75}},"40":{"start":{"line":70,"column":12},"end":{"line":70,"column":64}},"41":{"start":{"line":72,"column":12},"end":{"line":72,"column":51}},"42":{"start":{"line":73,"column":12},"end":{"line":73,"column":30}},"43":{"start":{"line":74,"column":12},"end":{"line":74,"column":34}},"44":{"start":{"line":75,"column":12},"end":{"line":75,"column":41}},"45":{"start":{"line":79,"column":4},"end":{"line":87,"column":30}},"46":{"start":{"line":80,"column":8},"end":{"line":80,"column":57}},"47":{"start":{"line":82,"column":8},"end":{"line":86,"column":10}},"48":{"start":{"line":83,"column":12},"end":{"line":85,"column":13}},"49":{"start":{"line":84,"column":16},"end":{"line":84,"column":55}},"50":{"start":{"line":89,"column":27},"end":{"line":93,"column":81}},"51":{"start":{"line":90,"column":8},"end":{"line":92,"column":9}},"52":{"start":{"line":91,"column":12},"end":{"line":91,"column":83}},"53":{"start":{"line":95,"column":25},"end":{"line":105,"column":40}},"54":{"start":{"line":96,"column":8},"end":{"line":96,"column":30}},"55":{"start":{"line":97,"column":8},"end":{"line":99,"column":9}},"56":{"start":{"line":98,"column":12},"end":{"line":98,"column":51}},"57":{"start":{"line":100,"column":8},"end":{"line":104,"column":16}},"58":{"start":{"line":101,"column":12},"end":{"line":101,"column":23}},"59":{"start":{"line":102,"column":12},"end":{"line":102,"column":29}},"60":{"start":{"line":103,"column":12},"end":{"line":103,"column":71}},"61":{"start":{"line":107,"column":29},"end":{"line":112,"column":41}},"62":{"start":{"line":108,"column":8},"end":{"line":108,"column":30}},"63":{"start":{"line":109,"column":8},"end":{"line":109,"column":19}},"64":{"start":{"line":110,"column":8},"end":{"line":110,"column":25}},"65":{"start":{"line":111,"column":8},"end":{"line":111,"column":69}},"66":{"start":{"line":114,"column":30},"end":{"line":120,"column":33}},"67":{"start":{"line":115,"column":8},"end":{"line":115,"column":25}},"68":{"start":{"line":116,"column":8},"end":{"line":116,"column":25}},"69":{"start":{"line":117,"column":8},"end":{"line":117,"column":19}},"70":{"start":{"line":118,"column":8},"end":{"line":118,"column":25}},"71":{"start":{"line":119,"column":8},"end":{"line":119,"column":63}},"72":{"start":{"line":122,"column":4},"end":{"line":136,"column":6}}},"fnMap":{"0":{"name":"(anonymous_0)","decl":{"start":{"line":4,"column":38},"end":{"line":4,"column":39}},"loc":{"start":{"line":4,"column":104},"end":{"line":137,"column":1}},"line":4},"1":{"name":"(anonymous_1)","decl":{"start":{"line":18,"column":22},"end":{"line":18,"column":23}},"loc":{"start":{"line":18,"column":179},"end":{"line":77,"column":5}},"line":18},"2":{"name":"(anonymous_2)","decl":{"start":{"line":49,"column":55},"end":{"line":49,"column":56}},"loc":{"start":{"line":49,"column":60},"end":{"line":49,"column":66}},"line":49},"3":{"name":"(anonymous_3)","decl":{"start":{"line":54,"column":24},"end":{"line":54,"column":25}},"loc":{"start":{"line":54,"column":32},"end":{"line":59,"column":17}},"line":54},"4":{"name":"(anonymous_4)","decl":{"start":{"line":55,"column":57},"end":{"line":55,"column":58}},"loc":{"start":{"line":55,"column":65},"end":{"line":55,"column":72}},"line":55},"5":{"name":"(anonymous_5)","decl":{"start":{"line":56,"column":56},"end":{"line":56,"column":57}},"loc":{"start":{"line":56,"column":64},"end":{"line":56,"column":89}},"line":56},"6":{"name":"(anonymous_6)","decl":{"start":{"line":79,"column":14},"end":{"line":79,"column":15}},"loc":{"start":{"line":79,"column":20},"end":{"line":87,"column":5}},"line":79},"7":{"name":"(anonymous_7)","decl":{"start":{"line":82,"column":15},"end":{"line":82,"column":16}},"loc":{"start":{"line":82,"column":21},"end":{"line":86,"column":9}},"line":82},"8":{"name":"(anonymous_8)","decl":{"start":{"line":89,"column":39},"end":{"line":89,"column":40}},"loc":{"start":{"line":89,"column":45},"end":{"line":93,"column":5}},"line":89},"9":{"name":"(anonymous_9)","decl":{"start":{"line":95,"column":37},"end":{"line":95,"column":38}},"loc":{"start":{"line":95,"column":56},"end":{"line":105,"column":5}},"line":95},"10":{"name":"(anonymous_10)","decl":{"start":{"line":100,"column":46},"end":{"line":100,"column":47}},"loc":{"start":{"line":100,"column":52},"end":{"line":104,"column":9}},"line":100},"11":{"name":"(anonymous_11)","decl":{"start":{"line":107,"column":41},"end":{"line":107,"column":42}},"loc":{"start":{"line":107,"column":108},"end":{"line":112,"column":5}},"line":107},"12":{"name":"(anonymous_12)","decl":{"start":{"line":114,"column":42},"end":{"line":114,"column":43}},"loc":{"start":{"line":114,"column":74},"end":{"line":120,"column":5}},"line":114}},"branchMap":{"0":{"loc":{"start":{"line":4,"column":68},"end":{"line":4,"column":99}},"type":"default-arg","locations":[{"start":{"line":4,"column":97},"end":{"line":4,"column":99}}],"line":4},"1":{"loc":{"start":{"line":18,"column":151},"end":{"line":18,"column":174}},"type":"default-arg","locations":[{"start":{"line":18,"column":169},"end":{"line":18,"column":174}}],"line":18},"2":{"loc":{"start":{"line":23,"column":12},"end":{"line":26,"column":13}},"type":"if","locations":[{"start":{"line":23,"column":12},"end":{"line":26,"column":13}},{"start":{},"end":{}}],"line":23},"3":{"loc":{"start":{"line":30,"column":12},"end":{"line":34,"column":13}},"type":"if","locations":[{"start":{"line":30,"column":12},"end":{"line":34,"column":13}},{"start":{"line":32,"column":19},"end":{"line":34,"column":13}}],"line":30},"4":{"loc":{"start":{"line":52,"column":12},"end":{"line":63,"column":13}},"type":"if","locations":[{"start":{"line":52,"column":12},"end":{"line":63,"column":13}},{"start":{"line":60,"column":19},"end":{"line":63,"column":13}}],"line":52},"5":{"loc":{"start":{"line":83,"column":12},"end":{"line":85,"column":13}},"type":"if","locations":[{"start":{"line":83,"column":12},"end":{"line":85,"column":13}},{"start":{},"end":{}}],"line":83},"6":{"loc":{"start":{"line":90,"column":8},"end":{"line":92,"column":9}},"type":"if","locations":[{"start":{"line":90,"column":8},"end":{"line":92,"column":9}},{"start":{},"end":{}}],"line":90},"7":{"loc":{"start":{"line":90,"column":12},"end":{"line":90,"column":35}},"type":"binary-expr","locations":[{"start":{"line":90,"column":12},"end":{"line":90,"column":24}},{"start":{"line":90,"column":28},"end":{"line":90,"column":35}}],"line":90},"8":{"loc":{"start":{"line":97,"column":8},"end":{"line":99,"column":9}},"type":"if","locations":[{"start":{"line":97,"column":8},"end":{"line":99,"column":9}},{"start":{},"end":{}}],"line":97}},"s":{"0":0,"1":0,"2":0,"3":0,"4":0,"5":0,"6":0,"7":0,"8":0,"9":0,"10":0,"11":0,"12":0,"13":0,"14":0,"15":0,"16":0,"17":0,"18":0,"19":0,"20":0,"21":0,"22":0,"23":0,"24":0,"25":0,"26":0,"27":0,"28":0,"29":0,"30":0,"31":0,"32":0,"33":0,"34":0,"35":0,"36":0,"37":0,"38":0,"39":0,"40":0,"41":0,"42":0,"43":0,"44":0,"45":0,"46":0,"47":0,"48":0,"49":0,"50":0,"51":0,"52":0,"53":0,"54":0,"55":0,"56":0,"57":0,"58":0,"59":0,"60":0,"61":0,"62":0,"63":0,"64":0,"65":0,"66":0,"67":0,"68":0,"69":0,"70":0,"71":0,"72":0},"f":{"0":0,"1":0,"2":0,"3":0,"4":0,"5":0,"6":0,"7":0,"8":0,"9":0,"10":0,"11":0,"12":0},"b":{"0":[0],"1":[0],"2":[0,0],"3":[0,0],"4":[0,0],"5":[0,0],"6":[0,0],"7":[0,0],"8":[0,0]}}
,"C:\\Users\\lucas\\Documents\\projetos dev\\monteOnlinePc\\src\\routes\\index.tsx": {"path":"C:\\Users\\lucas\\Documents\\projetos dev\\monteOnlinePc\\src\\routes\\index.tsx","statementMap":{"0":{"start":{"line":5,"column":4},"end":{"line":9,"column":5}}},"fnMap":{"0":{"name":"Routes","decl":{"start":{"line":4,"column":16},"end":{"line":4,"column":22}},"loc":{"start":{"line":4,"column":25},"end":{"line":10,"column":1}},"line":4}},"branchMap":{},"s":{"0":0},"f":{"0":0},"b":{}}
,"C:\\Users\\lucas\\Documents\\projetos dev\\monteOnlinePc\\src\\routes\\stack.routes.tsx": {"path":"C:\\Users\\lucas\\Documents\\projetos dev\\monteOnlinePc\\src\\routes\\stack.routes.tsx","statementMap":{"0":{"start":{"line":24,"column":14},"end":{"line":24,"column":36}},"1":{"start":{"line":27,"column":2},"end":{"line":50,"column":4}}},"fnMap":{"0":{"name":"StackRoutes","decl":{"start":{"line":26,"column":16},"end":{"line":26,"column":27}},"loc":{"start":{"line":26,"column":30},"end":{"line":51,"column":1}},"line":26}},"branchMap":{},"s":{"0":0,"1":0},"f":{"0":0},"b":{}}
,"C:\\Users\\lucas\\Documents\\projetos dev\\monteOnlinePc\\src\\screens\\About\\index.tsx": {"path":"C:\\Users\\lucas\\Documents\\projetos dev\\monteOnlinePc\\src\\screens\\About\\index.tsx","statementMap":{"0":{"start":{"line":6,"column":4},"end":{"line":32,"column":6}},"1":{"start":{"line":10,"column":95},"end":{"line":10,"column":114}},"2":{"start":{"line":29,"column":54},"end":{"line":29,"column":73}},"3":{"start":{"line":35,"column":15},"end":{"line":44,"column":2}}},"fnMap":{"0":{"name":"About","decl":{"start":{"line":5,"column":16},"end":{"line":5,"column":21}},"loc":{"start":{"line":5,"column":43},"end":{"line":33,"column":1}},"line":5},"1":{"name":"(anonymous_1)","decl":{"start":{"line":10,"column":89},"end":{"line":10,"column":90}},"loc":{"start":{"line":10,"column":95},"end":{"line":10,"column":114}},"line":10},"2":{"name":"(anonymous_2)","decl":{"start":{"line":29,"column":48},"end":{"line":29,"column":49}},"loc":{"start":{"line":29,"column":54},"end":{"line":29,"column":73}},"line":29}},"branchMap":{},"s":{"0":0,"1":0,"2":0,"3":0},"f":{"0":0,"1":0,"2":0},"b":{}}
,"C:\\Users\\lucas\\Documents\\projetos dev\\monteOnlinePc\\src\\screens\\Build\\index.tsx": {"path":"C:\\Users\\lucas\\Documents\\projetos dev\\monteOnlinePc\\src\\screens\\Build\\index.tsx","statementMap":{"0":{"start":{"line":10,"column":32},"end":{"line":10,"column":55}},"1":{"start":{"line":11,"column":34},"end":{"line":11,"column":48}},"2":{"start":{"line":12,"column":22},"end":{"line":12,"column":36}},"3":{"start":{"line":14,"column":23},"end":{"line":26,"column":5}},"4":{"start":{"line":15,"column":8},"end":{"line":25,"column":9}},"5":{"start":{"line":16,"column":12},"end":{"line":16,"column":29}},"6":{"start":{"line":17,"column":32},"end":{"line":17,"column":49}},"7":{"start":{"line":19,"column":33},"end":{"line":19,"column":59}},"8":{"start":{"line":20,"column":12},"end":{"line":20,"column":36}},"9":{"start":{"line":22,"column":12},"end":{"line":22,"column":64}},"10":{"start":{"line":24,"column":12},"end":{"line":24,"column":30}},"11":{"start":{"line":28,"column":4},"end":{"line":32,"column":20}},"12":{"start":{"line":29,"column":8},"end":{"line":31,"column":9}},"13":{"start":{"line":30,"column":12},"end":{"line":30,"column":25}},"14":{"start":{"line":34,"column":24},"end":{"line":41,"column":5}},"15":{"start":{"line":35,"column":8},"end":{"line":40,"column":11}},"16":{"start":{"line":43,"column":25},"end":{"line":72,"column":5}},"17":{"start":{"line":44,"column":8},"end":{"line":71,"column":10}},"18":{"start":{"line":56,"column":24},"end":{"line":67,"column":25}},"19":{"start":{"line":57,"column":44},"end":{"line":57,"column":70}},"20":{"start":{"line":58,"column":28},"end":{"line":63,"column":29}},"21":{"start":{"line":59,"column":32},"end":{"line":59,"column":89}},"22":{"start":{"line":60,"column":32},"end":{"line":60,"column":45}},"23":{"start":{"line":62,"column":32},"end":{"line":62,"column":91}},"24":{"start":{"line":65,"column":28},"end":{"line":65,"column":78}},"25":{"start":{"line":66,"column":28},"end":{"line":66,"column":89}},"26":{"start":{"line":74,"column":4},"end":{"line":123,"column":6}},"27":{"start":{"line":89,"column":47},"end":{"line":89,"column":105}},"28":{"start":{"line":97,"column":48},"end":{"line":97,"column":69}},"29":{"start":{"line":98,"column":28},"end":{"line":109,"column":30}},"30":{"start":{"line":103,"column":51},"end":{"line":106,"column":38}},"31":{"start":{"line":107,"column":52},"end":{"line":107,"column":87}},"32":{"start":{"line":118,"column":35},"end":{"line":118,"column":91}}},"fnMap":{"0":{"name":"Build","decl":{"start":{"line":9,"column":16},"end":{"line":9,"column":21}},"loc":{"start":{"line":9,"column":43},"end":{"line":124,"column":1}},"line":9},"1":{"name":"(anonymous_1)","decl":{"start":{"line":14,"column":23},"end":{"line":14,"column":24}},"loc":{"start":{"line":14,"column":35},"end":{"line":26,"column":5}},"line":14},"2":{"name":"(anonymous_2)","decl":{"start":{"line":28,"column":14},"end":{"line":28,"column":15}},"loc":{"start":{"line":28,"column":20},"end":{"line":32,"column":5}},"line":28},"3":{"name":"(anonymous_3)","decl":{"start":{"line":34,"column":24},"end":{"line":34,"column":25}},"loc":{"start":{"line":34,"column":51},"end":{"line":41,"column":5}},"line":34},"4":{"name":"(anonymous_4)","decl":{"start":{"line":43,"column":25},"end":{"line":43,"column":26}},"loc":{"start":{"line":43,"column":82},"end":{"line":72,"column":5}},"line":43},"5":{"name":"(anonymous_5)","decl":{"start":{"line":55,"column":29},"end":{"line":55,"column":30}},"loc":{"start":{"line":55,"column":41},"end":{"line":68,"column":21}},"line":55},"6":{"name":"(anonymous_6)","decl":{"start":{"line":89,"column":41},"end":{"line":89,"column":42}},"loc":{"start":{"line":89,"column":47},"end":{"line":89,"column":105}},"line":89},"7":{"name":"(anonymous_7)","decl":{"start":{"line":96,"column":35},"end":{"line":96,"column":36}},"loc":{"start":{"line":96,"column":53},"end":{"line":110,"column":25}},"line":96},"8":{"name":"(anonymous_8)","decl":{"start":{"line":103,"column":45},"end":{"line":103,"column":46}},"loc":{"start":{"line":103,"column":51},"end":{"line":106,"column":38}},"line":103},"9":{"name":"(anonymous_9)","decl":{"start":{"line":107,"column":46},"end":{"line":107,"column":47}},"loc":{"start":{"line":107,"column":52},"end":{"line":107,"column":87}},"line":107},"10":{"name":"(anonymous_10)","decl":{"start":{"line":118,"column":29},"end":{"line":118,"column":30}},"loc":{"start":{"line":118,"column":35},"end":{"line":118,"column":91}},"line":118}},"branchMap":{"0":{"loc":{"start":{"line":29,"column":8},"end":{"line":31,"column":9}},"type":"if","locations":[{"start":{"line":29,"column":8},"end":{"line":31,"column":9}},{"start":{},"end":{}}],"line":29},"1":{"loc":{"start":{"line":58,"column":28},"end":{"line":63,"column":29}},"type":"if","locations":[{"start":{"line":58,"column":28},"end":{"line":63,"column":29}},{"start":{"line":61,"column":35},"end":{"line":63,"column":29}}],"line":58},"2":{"loc":{"start":{"line":78,"column":13},"end":{"line":113,"column":13}},"type":"cond-expr","locations":[{"start":{"line":79,"column":16},"end":{"line":81,"column":23}},{"start":{"line":83,"column":16},"end":{"line":112,"column":29}}],"line":78},"3":{"loc":{"start":{"line":84,"column":21},"end":{"line":111,"column":21}},"type":"cond-expr","locations":[{"start":{"line":85,"column":24},"end":{"line":94,"column":31}},{"start":{"line":96,"column":24},"end":{"line":110,"column":26}}],"line":84}},"s":{"0":0,"1":0,"2":0,"3":0,"4":0,"5":0,"6":0,"7":0,"8":0,"9":0,"10":0,"11":0,"12":0,"13":0,"14":0,"15":0,"16":0,"17":0,"18":0,"19":0,"20":0,"21":0,"22":0,"23":0,"24":0,"25":0,"26":0,"27":0,"28":0,"29":0,"30":0,"31":0,"32":0},"f":{"0":0,"1":0,"2":0,"3":0,"4":0,"5":0,"6":0,"7":0,"8":0,"9":0,"10":0},"b":{"0":[0,0],"1":[0,0],"2":[0,0],"3":[0,0]}}
,"C:\\Users\\lucas\\Documents\\projetos dev\\monteOnlinePc\\src\\screens\\BuildDetails\\index.tsx": {"path":"C:\\Users\\lucas\\Documents\\projetos dev\\monteOnlinePc\\src\\screens\\BuildDetails\\index.tsx","statementMap":{"0":{"start":{"line":11,"column":37},"end":{"line":11,"column":102}},"1":{"start":{"line":13,"column":30},"end":{"line":13,"column":60}},"2":{"start":{"line":14,"column":34},"end":{"line":14,"column":48}},"3":{"start":{"line":15,"column":40},"end":{"line":15,"column":51}},"4":{"start":{"line":17,"column":23},"end":{"line":25,"column":5}},"5":{"start":{"line":18,"column":8},"end":{"line":18,"column":35}},"6":{"start":{"line":18,"column":26},"end":{"line":18,"column":35}},"7":{"start":{"line":19,"column":24},"end":{"line":23,"column":30}},"8":{"start":{"line":24,"column":8},"end":{"line":24,"column":40}},"9":{"start":{"line":27,"column":24},"end":{"line":34,"column":5}},"10":{"start":{"line":28,"column":8},"end":{"line":33,"column":11}},"11":{"start":{"line":36,"column":22},"end":{"line":78,"column":5}},"12":{"start":{"line":37,"column":8},"end":{"line":77,"column":9}},"13":{"start":{"line":38,"column":12},"end":{"line":38,"column":29}},"14":{"start":{"line":39,"column":32},"end":{"line":39,"column":49}},"15":{"start":{"line":40,"column":34},"end":{"line":40,"column":95}},"16":{"start":{"line":40,"column":56},"end":{"line":40,"column":94}},"17":{"start":{"line":42,"column":12},"end":{"line":71,"column":13}},"18":{"start":{"line":44,"column":34},"end":{"line":44,"column":75}},"19":{"start":{"line":47,"column":39},"end":{"line":47,"column":104}},"20":{"start":{"line":48,"column":16},"end":{"line":59,"column":17}},"21":{"start":{"line":49,"column":42},"end":{"line":49,"column":92}},"22":{"start":{"line":50,"column":20},"end":{"line":58,"column":21}},"23":{"start":{"line":51,"column":42},"end":{"line":51,"column":67}},"24":{"start":{"line":52,"column":24},"end":{"line":57,"column":26}},"25":{"start":{"line":62,"column":31},"end":{"line":62,"column":32}},"26":{"start":{"line":63,"column":16},"end":{"line":67,"column":19}},"27":{"start":{"line":64,"column":20},"end":{"line":66,"column":21}},"28":{"start":{"line":65,"column":24},"end":{"line":65,"column":82}},"29":{"start":{"line":69,"column":16},"end":{"line":69,"column":36}},"30":{"start":{"line":70,"column":16},"end":{"line":70,"column":40}},"31":{"start":{"line":73,"column":12},"end":{"line":73,"column":63}},"32":{"start":{"line":74,"column":12},"end":{"line":74,"column":72}},"33":{"start":{"line":76,"column":12},"end":{"line":76,"column":30}},"34":{"start":{"line":80,"column":4},"end":{"line":87,"column":21}},"35":{"start":{"line":81,"column":8},"end":{"line":81,"column":20}},"36":{"start":{"line":82,"column":28},"end":{"line":84,"column":10}},"37":{"start":{"line":83,"column":12},"end":{"line":83,"column":24}},"38":{"start":{"line":86,"column":8},"end":{"line":86,"column":27}},"39":{"start":{"line":89,"column":33},"end":{"line":100,"column":5}},"40":{"start":{"line":90,"column":49},"end":{"line":98,"column":9}},"41":{"start":{"line":99,"column":8},"end":{"line":99,"column":35}},"42":{"start":{"line":102,"column":26},"end":{"line":113,"column":5}},"43":{"start":{"line":103,"column":51},"end":{"line":111,"column":9}},"44":{"start":{"line":112,"column":8},"end":{"line":112,"column":44}},"45":{"start":{"line":115,"column":32},"end":{"line":128,"column":5}},"46":{"start":{"line":116,"column":8},"end":{"line":116,"column":27}},"47":{"start":{"line":116,"column":20},"end":{"line":116,"column":27}},"48":{"start":{"line":118,"column":8},"end":{"line":127,"column":9}},"49":{"start":{"line":119,"column":12},"end":{"line":119,"column":80}},"50":{"start":{"line":120,"column":12},"end":{"line":120,"column":88}},"51":{"start":{"line":121,"column":12},"end":{"line":121,"column":81}},"52":{"start":{"line":122,"column":31},"end":{"line":122,"column":59}},"53":{"start":{"line":123,"column":12},"end":{"line":123,"column":70}},"54":{"start":{"line":125,"column":12},"end":{"line":125,"column":61}},"55":{"start":{"line":126,"column":12},"end":{"line":126,"column":69}},"56":{"start":{"line":130,"column":30},"end":{"line":159,"column":5}},"57":{"start":{"line":131,"column":8},"end":{"line":131,"column":27}},"58":{"start":{"line":131,"column":20},"end":{"line":131,"column":27}},"59":{"start":{"line":133,"column":8},"end":{"line":158,"column":9}},"60":{"start":{"line":135,"column":36},"end":{"line":135,"column":71}},"61":{"start":{"line":136,"column":28},"end":{"line":136,"column":52}},"62":{"start":{"line":138,"column":12},"end":{"line":154,"column":13}},"63":{"start":{"line":140,"column":39},"end":{"line":140,"column":104}},"64":{"start":{"line":141,"column":16},"end":{"line":143,"column":17}},"65":{"start":{"line":142,"column":20},"end":{"line":142,"column":74}},"66":{"start":{"line":146,"column":16},"end":{"line":146,"column":67}},"67":{"start":{"line":147,"column":16},"end":{"line":147,"column":71}},"68":{"start":{"line":148,"column":16},"end":{"line":148,"column":73}},"69":{"start":{"line":150,"column":16},"end":{"line":150,"column":73}},"70":{"start":{"line":151,"column":16},"end":{"line":151,"column":45}},"71":{"start":{"line":153,"column":16},"end":{"line":153,"column":77}},"72":{"start":{"line":156,"column":12},"end":{"line":156,"column":63}},"73":{"start":{"line":157,"column":12},"end":{"line":157,"column":75}},"74":{"start":{"line":161,"column":23},"end":{"line":179,"column":5}},"75":{"start":{"line":162,"column":8},"end":{"line":178,"column":9}},"76":{"start":{"line":164,"column":35},"end":{"line":164,"column":100}},"77":{"start":{"line":165,"column":12},"end":{"line":167,"column":13}},"78":{"start":{"line":166,"column":16},"end":{"line":166,"column":70}},"79":{"start":{"line":169,"column":12},"end":{"line":169,"column":63}},"80":{"start":{"line":170,"column":12},"end":{"line":170,"column":67}},"81":{"start":{"line":171,"column":12},"end":{"line":171,"column":69}},"82":{"start":{"line":174,"column":12},"end":{"line":174,"column":67}},"83":{"start":{"line":176,"column":12},"end":{"line":176,"column":52}},"84":{"start":{"line":177,"column":12},"end":{"line":177,"column":67}},"85":{"start":{"line":181,"column":25},"end":{"line":210,"column":5}},"86":{"start":{"line":182,"column":8},"end":{"line":209,"column":10}},"87":{"start":{"line":194,"column":24},"end":{"line":205,"column":25}},"88":{"start":{"line":195,"column":44},"end":{"line":195,"column":70}},"89":{"start":{"line":196,"column":28},"end":{"line":201,"column":29}},"90":{"start":{"line":197,"column":32},"end":{"line":197,"column":89}},"91":{"start":{"line":198,"column":32},"end":{"line":198,"column":51}},"92":{"start":{"line":200,"column":32},"end":{"line":200,"column":91}},"93":{"start":{"line":203,"column":28},"end":{"line":203,"column":78}},"94":{"start":{"line":204,"column":28},"end":{"line":204,"column":89}},"95":{"start":{"line":212,"column":4},"end":{"line":218,"column":5}},"96":{"start":{"line":213,"column":8},"end":{"line":217,"column":10}},"97":{"start":{"line":220,"column":4},"end":{"line":230,"column":5}},"98":{"start":{"line":221,"column":8},"end":{"line":229,"column":10}},"99":{"start":{"line":225,"column":35},"end":{"line":225,"column":89}},"100":{"start":{"line":232,"column":4},"end":{"line":301,"column":6}},"101":{"start":{"line":254,"column":24},"end":{"line":254,"column":52}},"102":{"start":{"line":254,"column":40},"end":{"line":254,"column":52}},"103":{"start":{"line":256,"column":24},"end":{"line":277,"column":26}},"104":{"start":{"line":272,"column":51},"end":{"line":272,"column":76}}},"fnMap":{"0":{"name":"BuildDetails","decl":{"start":{"line":10,"column":16},"end":{"line":10,"column":28}},"loc":{"start":{"line":10,"column":57},"end":{"line":302,"column":1}},"line":10},"1":{"name":"(anonymous_1)","decl":{"start":{"line":17,"column":23},"end":{"line":17,"column":24}},"loc":{"start":{"line":17,"column":56},"end":{"line":25,"column":5}},"line":17},"2":{"name":"(anonymous_2)","decl":{"start":{"line":27,"column":24},"end":{"line":27,"column":25}},"loc":{"start":{"line":27,"column":51},"end":{"line":34,"column":5}},"line":27},"3":{"name":"(anonymous_3)","decl":{"start":{"line":36,"column":22},"end":{"line":36,"column":23}},"loc":{"start":{"line":36,"column":34},"end":{"line":78,"column":5}},"line":36},"4":{"name":"(anonymous_4)","decl":{"start":{"line":40,"column":51},"end":{"line":40,"column":52}},"loc":{"start":{"line":40,"column":56},"end":{"line":40,"column":94}},"line":40},"5":{"name":"(anonymous_5)","decl":{"start":{"line":63,"column":60},"end":{"line":63,"column":61}},"loc":{"start":{"line":63,"column":75},"end":{"line":67,"column":17}},"line":63},"6":{"name":"(anonymous_6)","decl":{"start":{"line":80,"column":14},"end":{"line":80,"column":15}},"loc":{"start":{"line":80,"column":20},"end":{"line":87,"column":5}},"line":80},"7":{"name":"(anonymous_7)","decl":{"start":{"line":82,"column":60},"end":{"line":82,"column":61}},"loc":{"start":{"line":82,"column":66},"end":{"line":84,"column":9}},"line":82},"8":{"name":"(anonymous_8)","decl":{"start":{"line":89,"column":33},"end":{"line":89,"column":34}},"loc":{"start":{"line":89,"column":59},"end":{"line":100,"column":5}},"line":89},"9":{"name":"(anonymous_9)","decl":{"start":{"line":102,"column":26},"end":{"line":102,"column":27}},"loc":{"start":{"line":102,"column":52},"end":{"line":113,"column":5}},"line":102},"10":{"name":"(anonymous_10)","decl":{"start":{"line":115,"column":32},"end":{"line":115,"column":33}},"loc":{"start":{"line":115,"column":65},"end":{"line":128,"column":5}},"line":115},"11":{"name":"(anonymous_11)","decl":{"start":{"line":130,"column":30},"end":{"line":130,"column":31}},"loc":{"start":{"line":130,"column":42},"end":{"line":159,"column":5}},"line":130},"12":{"name":"(anonymous_12)","decl":{"start":{"line":161,"column":23},"end":{"line":161,"column":24}},"loc":{"start":{"line":161,"column":35},"end":{"line":179,"column":5}},"line":161},"13":{"name":"(anonymous_13)","decl":{"start":{"line":181,"column":25},"end":{"line":181,"column":26}},"loc":{"start":{"line":181,"column":37},"end":{"line":210,"column":5}},"line":181},"14":{"name":"(anonymous_14)","decl":{"start":{"line":193,"column":29},"end":{"line":193,"column":30}},"loc":{"start":{"line":193,"column":41},"end":{"line":206,"column":21}},"line":193},"15":{"name":"(anonymous_15)","decl":{"start":{"line":225,"column":29},"end":{"line":225,"column":30}},"loc":{"start":{"line":225,"column":35},"end":{"line":225,"column":89}},"line":225},"16":{"name":"(anonymous_16)","decl":{"start":{"line":253,"column":58},"end":{"line":253,"column":59}},"loc":{"start":{"line":253,"column":81},"end":{"line":278,"column":21}},"line":253},"17":{"name":"(anonymous_17)","decl":{"start":{"line":272,"column":45},"end":{"line":272,"column":46}},"loc":{"start":{"line":272,"column":51},"end":{"line":272,"column":76}},"line":272}},"branchMap":{"0":{"loc":{"start":{"line":18,"column":8},"end":{"line":18,"column":35}},"type":"if","locations":[{"start":{"line":18,"column":8},"end":{"line":18,"column":35}},{"start":{},"end":{}}],"line":18},"1":{"loc":{"start":{"line":24,"column":15},"end":{"line":24,"column":39}},"type":"binary-expr","locations":[{"start":{"line":24,"column":15},"end":{"line":24,"column":34}},{"start":{"line":24,"column":38},"end":{"line":24,"column":39}}],"line":24},"2":{"loc":{"start":{"line":42,"column":12},"end":{"line":71,"column":13}},"type":"if","locations":[{"start":{"line":42,"column":12},"end":{"line":71,"column":13}},{"start":{},"end":{}}],"line":42},"3":{"loc":{"start":{"line":50,"column":20},"end":{"line":58,"column":21}},"type":"if","locations":[{"start":{"line":50,"column":20},"end":{"line":58,"column":21}},{"start":{},"end":{}}],"line":50},"4":{"loc":{"start":{"line":56,"column":38},"end":{"line":56,"column":79}},"type":"binary-expr","locations":[{"start":{"line":56,"column":38},"end":{"line":56,"column":74}},{"start":{"line":56,"column":78},"end":{"line":56,"column":79}}],"line":56},"5":{"loc":{"start":{"line":64,"column":20},"end":{"line":66,"column":21}},"type":"if","locations":[{"start":{"line":64,"column":20},"end":{"line":66,"column":21}},{"start":{},"end":{}}],"line":64},"6":{"loc":{"start":{"line":65,"column":62},"end":{"line":65,"column":80}},"type":"binary-expr","locations":[{"start":{"line":65,"column":62},"end":{"line":65,"column":75}},{"start":{"line":65,"column":79},"end":{"line":65,"column":80}}],"line":65},"7":{"loc":{"start":{"line":99,"column":15},"end":{"line":99,"column":34}},"type":"binary-expr","locations":[{"start":{"line":99,"column":15},"end":{"line":99,"column":26}},{"start":{"line":99,"column":30},"end":{"line":99,"column":34}}],"line":99},"8":{"loc":{"start":{"line":112,"column":15},"end":{"line":112,"column":43}},"type":"binary-expr","locations":[{"start":{"line":112,"column":15},"end":{"line":112,"column":28}},{"start":{"line":112,"column":32},"end":{"line":112,"column":43}}],"line":112},"9":{"loc":{"start":{"line":116,"column":8},"end":{"line":116,"column":27}},"type":"if","locations":[{"start":{"line":116,"column":8},"end":{"line":116,"column":27}},{"start":{},"end":{}}],"line":116},"10":{"loc":{"start":{"line":131,"column":8},"end":{"line":131,"column":27}},"type":"if","locations":[{"start":{"line":131,"column":8},"end":{"line":131,"column":27}},{"start":{},"end":{}}],"line":131},"11":{"loc":{"start":{"line":138,"column":12},"end":{"line":154,"column":13}},"type":"if","locations":[{"start":{"line":138,"column":12},"end":{"line":154,"column":13}},{"start":{"line":152,"column":19},"end":{"line":154,"column":13}}],"line":138},"12":{"loc":{"start":{"line":196,"column":28},"end":{"line":201,"column":29}},"type":"if","locations":[{"start":{"line":196,"column":28},"end":{"line":201,"column":29}},{"start":{"line":199,"column":35},"end":{"line":201,"column":29}}],"line":196},"13":{"loc":{"start":{"line":212,"column":4},"end":{"line":218,"column":5}},"type":"if","locations":[{"start":{"line":212,"column":4},"end":{"line":218,"column":5}},{"start":{},"end":{}}],"line":212},"14":{"loc":{"start":{"line":220,"column":4},"end":{"line":230,"column":5}},"type":"if","locations":[{"start":{"line":220,"column":4},"end":{"line":230,"column":5}},{"start":{},"end":{}}],"line":220},"15":{"loc":{"start":{"line":254,"column":24},"end":{"line":254,"column":52}},"type":"if","locations":[{"start":{"line":254,"column":24},"end":{"line":254,"column":52}},{"start":{},"end":{}}],"line":254}},"s":{"0":0,"1":0,"2":0,"3":0,"4":0,"5":0,"6":0,"7":0,"8":0,"9":0,"10":0,"11":0,"12":0,"13":0,"14":0,"15":0,"16":0,"17":0,"18":0,"19":0,"20":0,"21":0,"22":0,"23":0,"24":0,"25":0,"26":0,"27":0,"28":0,"29":0,"30":0,"31":0,"32":0,"33":0,"34":0,"35":0,"36":0,"37":0,"38":0,"39":0,"40":0,"41":0,"42":0,"43":0,"44":0,"45":0,"46":0,"47":0,"48":0,"49":0,"50":0,"51":0,"52":0,"53":0,"54":0,"55":0,"56":0,"57":0,"58":0,"59":0,"60":0,"61":0,"62":0,"63":0,"64":0,"65":0,"66":0,"67":0,"68":0,"69":0,"70":0,"71":0,"72":0,"73":0,"74":0,"75":0,"76":0,"77":0,"78":0,"79":0,"80":0,"81":0,"82":0,"83":0,"84":0,"85":0,"86":0,"87":0,"88":0,"89":0,"90":0,"91":0,"92":0,"93":0,"94":0,"95":0,"96":0,"97":0,"98":0,"99":0,"100":0,"101":0,"102":0,"103":0,"104":0},"f":{"0":0,"1":0,"2":0,"3":0,"4":0,"5":0,"6":0,"7":0,"8":0,"9":0,"10":0,"11":0,"12":0,"13":0,"14":0,"15":0,"16":0,"17":0},"b":{"0":[0,0],"1":[0,0],"2":[0,0],"3":[0,0],"4":[0,0],"5":[0,0],"6":[0,0],"7":[0,0],"8":[0,0],"9":[0,0],"10":[0,0],"11":[0,0],"12":[0,0],"13":[0,0],"14":[0,0],"15":[0,0]}}
,"C:\\Users\\lucas\\Documents\\projetos dev\\monteOnlinePc\\src\\screens\\ChooseComponents\\ChooseCPU\\index.tsx": {"path":"C:\\Users\\lucas\\Documents\\projetos dev\\monteOnlinePc\\src\\screens\\ChooseComponents\\ChooseCPU\\index.tsx","statementMap":{"0":{"start":{"line":21,"column":8},"end":{"line":21,"column":56}},"1":{"start":{"line":23,"column":4},"end":{"line":30,"column":7}},"2":{"start":{"line":29,"column":45},"end":{"line":29,"column":52}},"3":{"start":{"line":32,"column":4},"end":{"line":39,"column":5}},"4":{"start":{"line":33,"column":8},"end":{"line":38,"column":10}},"5":{"start":{"line":41,"column":4},"end":{"line":47,"column":5}},"6":{"start":{"line":42,"column":8},"end":{"line":46,"column":10}},"7":{"start":{"line":49,"column":4},"end":{"line":67,"column":6}}},"fnMap":{"0":{"name":"ChooseCpu","decl":{"start":{"line":6,"column":16},"end":{"line":6,"column":25}},"loc":{"start":{"line":6,"column":47},"end":{"line":68,"column":1}},"line":6},"1":{"name":"(anonymous_1)","decl":{"start":{"line":29,"column":40},"end":{"line":29,"column":41}},"loc":{"start":{"line":29,"column":45},"end":{"line":29,"column":52}},"line":29}},"branchMap":{"0":{"loc":{"start":{"line":32,"column":4},"end":{"line":39,"column":5}},"type":"if","locations":[{"start":{"line":32,"column":4},"end":{"line":39,"column":5}},{"start":{},"end":{}}],"line":32},"1":{"loc":{"start":{"line":41,"column":4},"end":{"line":47,"column":5}},"type":"if","locations":[{"start":{"line":41,"column":4},"end":{"line":47,"column":5}},{"start":{},"end":{}}],"line":41}},"s":{"0":0,"1":0,"2":0,"3":0,"4":0,"5":0,"6":0,"7":0},"f":{"0":0,"1":0},"b":{"0":[0,0],"1":[0,0]}}
,"C:\\Users\\lucas\\Documents\\projetos dev\\monteOnlinePc\\src\\screens\\ChooseComponents\\ChooseCase\\index.tsx": {"path":"C:\\Users\\lucas\\Documents\\projetos dev\\monteOnlinePc\\src\\screens\\ChooseComponents\\ChooseCase\\index.tsx","statementMap":{"0":{"start":{"line":8,"column":8},"end":{"line":8,"column":57}},"1":{"start":{"line":10,"column":4},"end":{"line":17,"column":5}},"2":{"start":{"line":11,"column":8},"end":{"line":16,"column":10}},"3":{"start":{"line":19,"column":4},"end":{"line":25,"column":5}},"4":{"start":{"line":20,"column":8},"end":{"line":24,"column":10}},"5":{"start":{"line":28,"column":4},"end":{"line":42,"column":5}},"6":{"start":{"line":29,"column":8},"end":{"line":41,"column":10}},"7":{"start":{"line":44,"column":4},"end":{"line":59,"column":5}}},"fnMap":{"0":{"name":"ChooseCase","decl":{"start":{"line":6,"column":16},"end":{"line":6,"column":26}},"loc":{"start":{"line":6,"column":48},"end":{"line":60,"column":1}},"line":6}},"branchMap":{"0":{"loc":{"start":{"line":10,"column":4},"end":{"line":17,"column":5}},"type":"if","locations":[{"start":{"line":10,"column":4},"end":{"line":17,"column":5}},{"start":{},"end":{}}],"line":10},"1":{"loc":{"start":{"line":19,"column":4},"end":{"line":25,"column":5}},"type":"if","locations":[{"start":{"line":19,"column":4},"end":{"line":25,"column":5}},{"start":{},"end":{}}],"line":19},"2":{"loc":{"start":{"line":28,"column":4},"end":{"line":42,"column":5}},"type":"if","locations":[{"start":{"line":28,"column":4},"end":{"line":42,"column":5}},{"start":{},"end":{}}],"line":28},"3":{"loc":{"start":{"line":28,"column":8},"end":{"line":28,"column":37}},"type":"binary-expr","locations":[{"start":{"line":28,"column":8},"end":{"line":28,"column":16}},{"start":{"line":28,"column":20},"end":{"line":28,"column":37}}],"line":28}},"s":{"0":0,"1":0,"2":0,"3":0,"4":0,"5":0,"6":0,"7":0},"f":{"0":0},"b":{"0":[0,0],"1":[0,0],"2":[0,0],"3":[0,0]}}
,"C:\\Users\\lucas\\Documents\\projetos dev\\monteOnlinePc\\src\\screens\\ChooseComponents\\ChooseGPU\\index.tsx": {"path":"C:\\Users\\lucas\\Documents\\projetos dev\\monteOnlinePc\\src\\screens\\ChooseComponents\\ChooseGPU\\index.tsx","statementMap":{"0":{"start":{"line":8,"column":8},"end":{"line":8,"column":56}},"1":{"start":{"line":10,"column":4},"end":{"line":17,"column":5}},"2":{"start":{"line":11,"column":8},"end":{"line":16,"column":10}},"3":{"start":{"line":19,"column":4},"end":{"line":25,"column":5}},"4":{"start":{"line":20,"column":8},"end":{"line":24,"column":10}},"5":{"start":{"line":28,"column":4},"end":{"line":42,"column":5}},"6":{"start":{"line":29,"column":8},"end":{"line":41,"column":10}},"7":{"start":{"line":44,"column":4},"end":{"line":59,"column":5}}},"fnMap":{"0":{"name":"ChooseGpu","decl":{"start":{"line":6,"column":16},"end":{"line":6,"column":25}},"loc":{"start":{"line":6,"column":47},"end":{"line":60,"column":1}},"line":6}},"branchMap":{"0":{"loc":{"start":{"line":10,"column":4},"end":{"line":17,"column":5}},"type":"if","locations":[{"start":{"line":10,"column":4},"end":{"line":17,"column":5}},{"start":{},"end":{}}],"line":10},"1":{"loc":{"start":{"line":19,"column":4},"end":{"line":25,"column":5}},"type":"if","locations":[{"start":{"line":19,"column":4},"end":{"line":25,"column":5}},{"start":{},"end":{}}],"line":19},"2":{"loc":{"start":{"line":28,"column":4},"end":{"line":42,"column":5}},"type":"if","locations":[{"start":{"line":28,"column":4},"end":{"line":42,"column":5}},{"start":{},"end":{}}],"line":28},"3":{"loc":{"start":{"line":28,"column":8},"end":{"line":28,"column":37}},"type":"binary-expr","locations":[{"start":{"line":28,"column":8},"end":{"line":28,"column":16}},{"start":{"line":28,"column":20},"end":{"line":28,"column":37}}],"line":28}},"s":{"0":0,"1":0,"2":0,"3":0,"4":0,"5":0,"6":0,"7":0},"f":{"0":0},"b":{"0":[0,0],"1":[0,0],"2":[0,0],"3":[0,0]}}
,"C:\\Users\\lucas\\Documents\\projetos dev\\monteOnlinePc\\src\\screens\\ChooseComponents\\ChooseMemory\\index.tsx": {"path":"C:\\Users\\lucas\\Documents\\projetos dev\\monteOnlinePc\\src\\screens\\ChooseComponents\\ChooseMemory\\index.tsx","statementMap":{"0":{"start":{"line":8,"column":8},"end":{"line":8,"column":59}},"1":{"start":{"line":10,"column":4},"end":{"line":17,"column":5}},"2":{"start":{"line":11,"column":8},"end":{"line":16,"column":10}},"3":{"start":{"line":19,"column":4},"end":{"line":25,"column":5}},"4":{"start":{"line":20,"column":8},"end":{"line":24,"column":10}},"5":{"start":{"line":28,"column":4},"end":{"line":42,"column":5}},"6":{"start":{"line":29,"column":8},"end":{"line":41,"column":10}},"7":{"start":{"line":44,"column":4},"end":{"line":59,"column":5}}},"fnMap":{"0":{"name":"ChooseMemory","decl":{"start":{"line":6,"column":16},"end":{"line":6,"column":28}},"loc":{"start":{"line":6,"column":50},"end":{"line":60,"column":1}},"line":6}},"branchMap":{"0":{"loc":{"start":{"line":10,"column":4},"end":{"line":17,"column":5}},"type":"if","locations":[{"start":{"line":10,"column":4},"end":{"line":17,"column":5}},{"start":{},"end":{}}],"line":10},"1":{"loc":{"start":{"line":19,"column":4},"end":{"line":25,"column":5}},"type":"if","locations":[{"start":{"line":19,"column":4},"end":{"line":25,"column":5}},{"start":{},"end":{}}],"line":19},"2":{"loc":{"start":{"line":28,"column":4},"end":{"line":42,"column":5}},"type":"if","locations":[{"start":{"line":28,"column":4},"end":{"line":42,"column":5}},{"start":{},"end":{}}],"line":28},"3":{"loc":{"start":{"line":28,"column":8},"end":{"line":28,"column":37}},"type":"binary-expr","locations":[{"start":{"line":28,"column":8},"end":{"line":28,"column":16}},{"start":{"line":28,"column":20},"end":{"line":28,"column":37}}],"line":28}},"s":{"0":0,"1":0,"2":0,"3":0,"4":0,"5":0,"6":0,"7":0},"f":{"0":0},"b":{"0":[0,0],"1":[0,0],"2":[0,0],"3":[0,0]}}
,"C:\\Users\\lucas\\Documents\\projetos dev\\monteOnlinePc\\src\\screens\\ChooseComponents\\ChooseMotherBoard\\index.tsx": {"path":"C:\\Users\\lucas\\Documents\\projetos dev\\monteOnlinePc\\src\\screens\\ChooseComponents\\ChooseMotherBoard\\index.tsx","statementMap":{"0":{"start":{"line":10,"column":44},"end":{"line":10,"column":56}},"1":{"start":{"line":11,"column":48},"end":{"line":11,"column":62}},"2":{"start":{"line":13,"column":4},"end":{"line":36,"column":11}},"3":{"start":{"line":14,"column":31},"end":{"line":34,"column":9}},"4":{"start":{"line":15,"column":12},"end":{"line":33,"column":13}},"5":{"start":{"line":16,"column":32},"end":{"line":16,"column":75}},"6":{"start":{"line":17,"column":16},"end":{"line":28,"column":17}},"7":{"start":{"line":18,"column":32},"end":{"line":18,"column":51}},"8":{"start":{"line":19,"column":33},"end":{"line":19,"column":55}},"9":{"start":{"line":20,"column":33},"end":{"line":20,"column":62}},"10":{"start":{"line":22,"column":20},"end":{"line":27,"column":21}},"11":{"start":{"line":23,"column":24},"end":{"line":23,"column":47}},"12":{"start":{"line":24,"column":27},"end":{"line":27,"column":21}},"13":{"start":{"line":26,"column":24},"end":{"line":26,"column":48}},"14":{"start":{"line":30,"column":16},"end":{"line":30,"column":56}},"15":{"start":{"line":32,"column":16},"end":{"line":32,"column":41}},"16":{"start":{"line":35,"column":8},"end":{"line":35,"column":25}},"17":{"start":{"line":39,"column":8},"end":{"line":39,"column":78}},"18":{"start":{"line":41,"column":4},"end":{"line":48,"column":5}},"19":{"start":{"line":42,"column":8},"end":{"line":47,"column":10}},"20":{"start":{"line":50,"column":4},"end":{"line":55,"column":7}},"21":{"start":{"line":57,"column":4},"end":{"line":64,"column":5}},"22":{"start":{"line":58,"column":8},"end":{"line":63,"column":10}},"23":{"start":{"line":66,"column":4},"end":{"line":72,"column":5}},"24":{"start":{"line":67,"column":8},"end":{"line":71,"column":10}},"25":{"start":{"line":75,"column":4},"end":{"line":89,"column":5}},"26":{"start":{"line":76,"column":8},"end":{"line":88,"column":10}},"27":{"start":{"line":91,"column":4},"end":{"line":109,"column":6}}},"fnMap":{"0":{"name":"ChooseMotherboard","decl":{"start":{"line":9,"column":16},"end":{"line":9,"column":33}},"loc":{"start":{"line":9,"column":55},"end":{"line":110,"column":1}},"line":9},"1":{"name":"(anonymous_1)","decl":{"start":{"line":13,"column":14},"end":{"line":13,"column":15}},"loc":{"start":{"line":13,"column":20},"end":{"line":36,"column":5}},"line":13},"2":{"name":"(anonymous_2)","decl":{"start":{"line":14,"column":31},"end":{"line":14,"column":32}},"loc":{"start":{"line":14,"column":43},"end":{"line":34,"column":9}},"line":14}},"branchMap":{"0":{"loc":{"start":{"line":17,"column":16},"end":{"line":28,"column":17}},"type":"if","locations":[{"start":{"line":17,"column":16},"end":{"line":28,"column":17}},{"start":{},"end":{}}],"line":17},"1":{"loc":{"start":{"line":22,"column":20},"end":{"line":27,"column":21}},"type":"if","locations":[{"start":{"line":22,"column":20},"end":{"line":27,"column":21}},{"start":{"line":24,"column":27},"end":{"line":27,"column":21}}],"line":22},"2":{"loc":{"start":{"line":22,"column":24},"end":{"line":22,"column":161}},"type":"binary-expr","locations":[{"start":{"line":22,"column":24},"end":{"line":22,"column":44}},{"start":{"line":22,"column":48},"end":{"line":22,"column":68}},{"start":{"line":22,"column":72},"end":{"line":22,"column":99}},{"start":{"line":22,"column":103},"end":{"line":22,"column":130}},{"start":{"line":22,"column":134},"end":{"line":22,"column":161}}],"line":22},"3":{"loc":{"start":{"line":24,"column":27},"end":{"line":27,"column":21}},"type":"if","locations":[{"start":{"line":24,"column":27},"end":{"line":27,"column":21}},{"start":{},"end":{}}],"line":24},"4":{"loc":{"start":{"line":24,"column":31},"end":{"line":24,"column":136}},"type":"binary-expr","locations":[{"start":{"line":24,"column":31},"end":{"line":24,"column":56}},{"start":{"line":24,"column":60},"end":{"line":24,"column":85}},{"start":{"line":24,"column":89},"end":{"line":24,"column":111}},{"start":{"line":24,"column":115},"end":{"line":24,"column":136}}],"line":24},"5":{"loc":{"start":{"line":41,"column":4},"end":{"line":48,"column":5}},"type":"if","locations":[{"start":{"line":41,"column":4},"end":{"line":48,"column":5}},{"start":{},"end":{}}],"line":41},"6":{"loc":{"start":{"line":57,"column":4},"end":{"line":64,"column":5}},"type":"if","locations":[{"start":{"line":57,"column":4},"end":{"line":64,"column":5}},{"start":{},"end":{}}],"line":57},"7":{"loc":{"start":{"line":66,"column":4},"end":{"line":72,"column":5}},"type":"if","locations":[{"start":{"line":66,"column":4},"end":{"line":72,"column":5}},{"start":{},"end":{}}],"line":66},"8":{"loc":{"start":{"line":75,"column":4},"end":{"line":89,"column":5}},"type":"if","locations":[{"start":{"line":75,"column":4},"end":{"line":89,"column":5}},{"start":{},"end":{}}],"line":75},"9":{"loc":{"start":{"line":75,"column":8},"end":{"line":75,"column":37}},"type":"binary-expr","locations":[{"start":{"line":75,"column":8},"end":{"line":75,"column":16}},{"start":{"line":75,"column":20},"end":{"line":75,"column":37}}],"line":75}},"s":{"0":0,"1":0,"2":0,"3":0,"4":0,"5":0,"6":0,"7":0,"8":0,"9":0,"10":0,"11":0,"12":0,"13":0,"14":0,"15":0,"16":0,"17":0,"18":0,"19":0,"20":0,"21":0,"22":0,"23":0,"24":0,"25":0,"26":0,"27":0},"f":{"0":0,"1":0,"2":0},"b":{"0":[0,0],"1":[0,0],"2":[0,0,0,0,0],"3":[0,0],"4":[0,0,0,0],"5":[0,0],"6":[0,0],"7":[0,0],"8":[0,0],"9":[0,0]}}
,"C:\\Users\\lucas\\Documents\\projetos dev\\monteOnlinePc\\src\\screens\\ChooseComponents\\ChoosePSU\\index.tsx": {"path":"C:\\Users\\lucas\\Documents\\projetos dev\\monteOnlinePc\\src\\screens\\ChooseComponents\\ChoosePSU\\index.tsx","statementMap":{"0":{"start":{"line":8,"column":8},"end":{"line":8,"column":56}},"1":{"start":{"line":10,"column":4},"end":{"line":17,"column":5}},"2":{"start":{"line":11,"column":8},"end":{"line":16,"column":10}},"3":{"start":{"line":19,"column":4},"end":{"line":25,"column":5}},"4":{"start":{"line":20,"column":8},"end":{"line":24,"column":10}},"5":{"start":{"line":28,"column":4},"end":{"line":42,"column":5}},"6":{"start":{"line":29,"column":8},"end":{"line":41,"column":10}},"7":{"start":{"line":44,"column":4},"end":{"line":59,"column":5}}},"fnMap":{"0":{"name":"ChoosePsu","decl":{"start":{"line":6,"column":16},"end":{"line":6,"column":25}},"loc":{"start":{"line":6,"column":47},"end":{"line":60,"column":1}},"line":6}},"branchMap":{"0":{"loc":{"start":{"line":10,"column":4},"end":{"line":17,"column":5}},"type":"if","locations":[{"start":{"line":10,"column":4},"end":{"line":17,"column":5}},{"start":{},"end":{}}],"line":10},"1":{"loc":{"start":{"line":19,"column":4},"end":{"line":25,"column":5}},"type":"if","locations":[{"start":{"line":19,"column":4},"end":{"line":25,"column":5}},{"start":{},"end":{}}],"line":19},"2":{"loc":{"start":{"line":28,"column":4},"end":{"line":42,"column":5}},"type":"if","locations":[{"start":{"line":28,"column":4},"end":{"line":42,"column":5}},{"start":{},"end":{}}],"line":28},"3":{"loc":{"start":{"line":28,"column":8},"end":{"line":28,"column":37}},"type":"binary-expr","locations":[{"start":{"line":28,"column":8},"end":{"line":28,"column":16}},{"start":{"line":28,"column":20},"end":{"line":28,"column":37}}],"line":28}},"s":{"0":0,"1":0,"2":0,"3":0,"4":0,"5":0,"6":0,"7":0},"f":{"0":0},"b":{"0":[0,0],"1":[0,0],"2":[0,0],"3":[0,0]}}
,"C:\\Users\\lucas\\Documents\\projetos dev\\monteOnlinePc\\src\\screens\\ChooseComponents\\ChooseStorage\\index.tsx": {"path":"C:\\Users\\lucas\\Documents\\projetos dev\\monteOnlinePc\\src\\screens\\ChooseComponents\\ChooseStorage\\index.tsx","statementMap":{"0":{"start":{"line":8,"column":8},"end":{"line":8,"column":60}},"1":{"start":{"line":10,"column":4},"end":{"line":17,"column":5}},"2":{"start":{"line":11,"column":8},"end":{"line":16,"column":10}},"3":{"start":{"line":19,"column":4},"end":{"line":25,"column":5}},"4":{"start":{"line":20,"column":8},"end":{"line":24,"column":10}},"5":{"start":{"line":28,"column":4},"end":{"line":42,"column":5}},"6":{"start":{"line":29,"column":8},"end":{"line":41,"column":10}},"7":{"start":{"line":44,"column":4},"end":{"line":59,"column":5}}},"fnMap":{"0":{"name":"ChooseStorage","decl":{"start":{"line":6,"column":16},"end":{"line":6,"column":29}},"loc":{"start":{"line":6,"column":51},"end":{"line":60,"column":1}},"line":6}},"branchMap":{"0":{"loc":{"start":{"line":10,"column":4},"end":{"line":17,"column":5}},"type":"if","locations":[{"start":{"line":10,"column":4},"end":{"line":17,"column":5}},{"start":{},"end":{}}],"line":10},"1":{"loc":{"start":{"line":19,"column":4},"end":{"line":25,"column":5}},"type":"if","locations":[{"start":{"line":19,"column":4},"end":{"line":25,"column":5}},{"start":{},"end":{}}],"line":19},"2":{"loc":{"start":{"line":28,"column":4},"end":{"line":42,"column":5}},"type":"if","locations":[{"start":{"line":28,"column":4},"end":{"line":42,"column":5}},{"start":{},"end":{}}],"line":28},"3":{"loc":{"start":{"line":28,"column":8},"end":{"line":28,"column":37}},"type":"binary-expr","locations":[{"start":{"line":28,"column":8},"end":{"line":28,"column":16}},{"start":{"line":28,"column":20},"end":{"line":28,"column":37}}],"line":28}},"s":{"0":0,"1":0,"2":0,"3":0,"4":0,"5":0,"6":0,"7":0},"f":{"0":0},"b":{"0":[0,0],"1":[0,0],"2":[0,0],"3":[0,0]}}
,"C:\\Users\\lucas\\Documents\\projetos dev\\monteOnlinePc\\src\\screens\\ForgotPassword\\index.tsx": {"path":"C:\\Users\\lucas\\Documents\\projetos dev\\monteOnlinePc\\src\\screens\\ForgotPassword\\index.tsx","statementMap":{"0":{"start":{"line":11,"column":29},"end":{"line":15,"column":2}},"1":{"start":{"line":18,"column":34},"end":{"line":18,"column":49}},"2":{"start":{"line":20,"column":25},"end":{"line":45,"column":5}},"3":{"start":{"line":21,"column":8},"end":{"line":21,"column":25}},"4":{"start":{"line":23,"column":8},"end":{"line":44,"column":9}},"5":{"start":{"line":24,"column":36},"end":{"line":28,"column":25}},"6":{"start":{"line":30,"column":12},"end":{"line":33,"column":13}},"7":{"start":{"line":31,"column":16},"end":{"line":31,"column":85}},"8":{"start":{"line":32,"column":16},"end":{"line":32,"column":23}},"9":{"start":{"line":35,"column":12},"end":{"line":39,"column":13}},"10":{"start":{"line":36,"column":16},"end":{"line":38,"column":19}},"11":{"start":{"line":37,"column":49},"end":{"line":37,"column":68}},"12":{"start":{"line":41,"column":12},"end":{"line":41,"column":63}},"13":{"start":{"line":43,"column":12},"end":{"line":43,"column":30}},"14":{"start":{"line":47,"column":4},"end":{"line":112,"column":5}},"15":{"start":{"line":75,"column":28},"end":{"line":103,"column":31}},"16":{"start":{"line":81,"column":44},"end":{"line":81,"column":72}},"17":{"start":{"line":82,"column":44},"end":{"line":82,"column":89}},"18":{"start":{"line":82,"column":62},"end":{"line":82,"column":89}},"19":{"start":{"line":107,"column":69},"end":{"line":107,"column":88}}},"fnMap":{"0":{"name":"ForgotPassword","decl":{"start":{"line":17,"column":16},"end":{"line":17,"column":30}},"loc":{"start":{"line":17,"column":52},"end":{"line":113,"column":1}},"line":17},"1":{"name":"(anonymous_1)","decl":{"start":{"line":20,"column":25},"end":{"line":20,"column":26}},"loc":{"start":{"line":20,"column":62},"end":{"line":45,"column":5}},"line":20},"2":{"name":"(anonymous_2)","decl":{"start":{"line":37,"column":43},"end":{"line":37,"column":44}},"loc":{"start":{"line":37,"column":49},"end":{"line":37,"column":68}},"line":37},"3":{"name":"(anonymous_3)","decl":{"start":{"line":74,"column":25},"end":{"line":74,"column":26}},"loc":{"start":{"line":75,"column":28},"end":{"line":103,"column":31}},"line":75},"4":{"name":"(anonymous_4)","decl":{"start":{"line":80,"column":54},"end":{"line":80,"column":55}},"loc":{"start":{"line":80,"column":64},"end":{"line":83,"column":41}},"line":80},"5":{"name":"(anonymous_5)","decl":{"start":{"line":107,"column":63},"end":{"line":107,"column":64}},"loc":{"start":{"line":107,"column":69},"end":{"line":107,"column":88}},"line":107}},"branchMap":{"0":{"loc":{"start":{"line":30,"column":12},"end":{"line":33,"column":13}},"type":"if","locations":[{"start":{"line":30,"column":12},"end":{"line":33,"column":13}},{"start":{},"end":{}}],"line":30},"1":{"loc":{"start":{"line":35,"column":12},"end":{"line":39,"column":13}},"type":"if","locations":[{"start":{"line":35,"column":12},"end":{"line":39,"column":13}},{"start":{},"end":{}}],"line":35},"2":{"loc":{"start":{"line":51,"column":26},"end":{"line":51,"column":70}},"type":"cond-expr","locations":[{"start":{"line":51,"column":50},"end":{"line":51,"column":59}},{"start":{"line":51,"column":62},"end":{"line":51,"column":70}}],"line":51},"3":{"loc":{"start":{"line":82,"column":44},"end":{"line":82,"column":89}},"type":"if","locations":[{"start":{"line":82,"column":44},"end":{"line":82,"column":89}},{"start":{},"end":{}}],"line":82},"4":{"loc":{"start":{"line":87,"column":37},"end":{"line":91,"column":37}},"type":"binary-expr","locations":[{"start":{"line":87,"column":37},"end":{"line":87,"column":49}},{"start":{"line":88,"column":40},"end":{"line":90,"column":47}}],"line":87},"5":{"loc":{"start":{"line":101,"column":37},"end":{"line":101,"column":82}},"type":"cond-expr","locations":[{"start":{"line":101,"column":47},"end":{"line":101,"column":60}},{"start":{"line":101,"column":63},"end":{"line":101,"column":82}}],"line":101}},"s":{"0":0,"1":0,"2":0,"3":0,"4":0,"5":0,"6":0,"7":0,"8":0,"9":0,"10":0,"11":0,"12":0,"13":0,"14":0,"15":0,"16":0,"17":0,"18":0,"19":0},"f":{"0":0,"1":0,"2":0,"3":0,"4":0,"5":0},"b":{"0":[0,0],"1":[0,0],"2":[0,0],"3":[0,0],"4":[0,0],"5":[0,0]}}
,"C:\\Users\\lucas\\Documents\\projetos dev\\monteOnlinePc\\src\\screens\\Home\\index.tsx": {"path":"C:\\Users\\lucas\\Documents\\projetos dev\\monteOnlinePc\\src\\screens\\Home\\index.tsx","statementMap":{"0":{"start":{"line":7,"column":4},"end":{"line":28,"column":5}},"1":{"start":{"line":22,"column":54},"end":{"line":22,"column":83}},"2":{"start":{"line":24,"column":65},"end":{"line":24,"column":96}}},"fnMap":{"0":{"name":"Home","decl":{"start":{"line":6,"column":16},"end":{"line":6,"column":20}},"loc":{"start":{"line":6,"column":42},"end":{"line":29,"column":1}},"line":6},"1":{"name":"(anonymous_1)","decl":{"start":{"line":22,"column":48},"end":{"line":22,"column":49}},"loc":{"start":{"line":22,"column":54},"end":{"line":22,"column":83}},"line":22},"2":{"name":"(anonymous_2)","decl":{"start":{"line":24,"column":59},"end":{"line":24,"column":60}},"loc":{"start":{"line":24,"column":65},"end":{"line":24,"column":96}},"line":24}},"branchMap":{},"s":{"0":0,"1":0,"2":0},"f":{"0":0,"1":0,"2":0},"b":{}}
,"C:\\Users\\lucas\\Documents\\projetos dev\\monteOnlinePc\\src\\screens\\Initial\\index.tsx": {"path":"C:\\Users\\lucas\\Documents\\projetos dev\\monteOnlinePc\\src\\screens\\Initial\\index.tsx","statementMap":{"0":{"start":{"line":8,"column":4},"end":{"line":47,"column":5}},"1":{"start":{"line":25,"column":35},"end":{"line":25,"column":89}},"2":{"start":{"line":33,"column":35},"end":{"line":33,"column":93}},"3":{"start":{"line":39,"column":59},"end":{"line":39,"column":93}},"4":{"start":{"line":40,"column":62},"end":{"line":40,"column":92}},"5":{"start":{"line":41,"column":57},"end":{"line":41,"column":85}}},"fnMap":{"0":{"name":"Initial","decl":{"start":{"line":7,"column":16},"end":{"line":7,"column":23}},"loc":{"start":{"line":7,"column":45},"end":{"line":48,"column":1}},"line":7},"1":{"name":"(anonymous_1)","decl":{"start":{"line":25,"column":29},"end":{"line":25,"column":30}},"loc":{"start":{"line":25,"column":35},"end":{"line":25,"column":89}},"line":25},"2":{"name":"(anonymous_2)","decl":{"start":{"line":33,"column":29},"end":{"line":33,"column":30}},"loc":{"start":{"line":33,"column":35},"end":{"line":33,"column":93}},"line":33},"3":{"name":"(anonymous_3)","decl":{"start":{"line":39,"column":53},"end":{"line":39,"column":54}},"loc":{"start":{"line":39,"column":59},"end":{"line":39,"column":93}},"line":39},"4":{"name":"(anonymous_4)","decl":{"start":{"line":40,"column":56},"end":{"line":40,"column":57}},"loc":{"start":{"line":40,"column":62},"end":{"line":40,"column":92}},"line":40},"5":{"name":"(anonymous_5)","decl":{"start":{"line":41,"column":51},"end":{"line":41,"column":52}},"loc":{"start":{"line":41,"column":57},"end":{"line":41,"column":85}},"line":41}},"branchMap":{},"s":{"0":0,"1":0,"2":0,"3":0,"4":0,"5":0},"f":{"0":0,"1":0,"2":0,"3":0,"4":0,"5":0},"b":{}}
,"C:\\Users\\lucas\\Documents\\projetos dev\\monteOnlinePc\\src\\screens\\PriceAlerts\\index.tsx": {"path":"C:\\Users\\lucas\\Documents\\projetos dev\\monteOnlinePc\\src\\screens\\PriceAlerts\\index.tsx","statementMap":{"0":{"start":{"line":6,"column":4},"end":{"line":23,"column":6}},"1":{"start":{"line":10,"column":95},"end":{"line":10,"column":114}},"2":{"start":{"line":20,"column":54},"end":{"line":20,"column":73}},"3":{"start":{"line":26,"column":15},"end":{"line":33,"column":2}}},"fnMap":{"0":{"name":"PriceAlerts","decl":{"start":{"line":5,"column":16},"end":{"line":5,"column":27}},"loc":{"start":{"line":5,"column":49},"end":{"line":24,"column":1}},"line":5},"1":{"name":"(anonymous_1)","decl":{"start":{"line":10,"column":89},"end":{"line":10,"column":90}},"loc":{"start":{"line":10,"column":95},"end":{"line":10,"column":114}},"line":10},"2":{"name":"(anonymous_2)","decl":{"start":{"line":20,"column":48},"end":{"line":20,"column":49}},"loc":{"start":{"line":20,"column":54},"end":{"line":20,"column":73}},"line":20}},"branchMap":{},"s":{"0":0,"1":0,"2":0,"3":0},"f":{"0":0,"1":0,"2":0},"b":{}}
,"C:\\Users\\lucas\\Documents\\projetos dev\\monteOnlinePc\\src\\screens\\Register\\index.tsx": {"path":"C:\\Users\\lucas\\Documents\\projetos dev\\monteOnlinePc\\src\\screens\\Register\\index.tsx","statementMap":{"0":{"start":{"line":11,"column":23},"end":{"line":21,"column":2}},"1":{"start":{"line":24,"column":34},"end":{"line":24,"column":49}},"2":{"start":{"line":26,"column":25},"end":{"line":71,"column":5}},"3":{"start":{"line":27,"column":8},"end":{"line":27,"column":25}},"4":{"start":{"line":29,"column":8},"end":{"line":70,"column":9}},"5":{"start":{"line":31,"column":36},"end":{"line":39,"column":25}},"6":{"start":{"line":41,"column":12},"end":{"line":51,"column":13}},"7":{"start":{"line":42,"column":16},"end":{"line":42,"column":75}},"8":{"start":{"line":45,"column":16},"end":{"line":49,"column":17}},"9":{"start":{"line":46,"column":20},"end":{"line":46,"column":74}},"10":{"start":{"line":48,"column":20},"end":{"line":48,"column":98}},"11":{"start":{"line":50,"column":16},"end":{"line":50,"column":23}},"12":{"start":{"line":53,"column":12},"end":{"line":64,"column":13}},"13":{"start":{"line":54,"column":16},"end":{"line":63,"column":18}},"14":{"start":{"line":60,"column":43},"end":{"line":60,"column":72}},"15":{"start":{"line":66,"column":12},"end":{"line":66,"column":71}},"16":{"start":{"line":67,"column":12},"end":{"line":67,"column":80}},"17":{"start":{"line":69,"column":12},"end":{"line":69,"column":30}},"18":{"start":{"line":73,"column":4},"end":{"line":181,"column":5}},"19":{"start":{"line":102,"column":28},"end":{"line":173,"column":31}},"20":{"start":{"line":108,"column":44},"end":{"line":108,"column":72}},"21":{"start":{"line":109,"column":44},"end":{"line":111,"column":45}},"22":{"start":{"line":110,"column":48},"end":{"line":110,"column":75}},"23":{"start":{"line":127,"column":44},"end":{"line":127,"column":75}},"24":{"start":{"line":128,"column":44},"end":{"line":130,"column":45}},"25":{"start":{"line":129,"column":48},"end":{"line":129,"column":78}},"26":{"start":{"line":146,"column":44},"end":{"line":146,"column":80}},"27":{"start":{"line":147,"colum
[...]
97,"column":9}},"82":{"start":{"line":217,"column":63},"end":{"line":229,"column":47}},"83":{"start":{"line":231,"column":12},"end":{"line":234,"column":13}},"84":{"start":{"line":232,"column":16},"end":{"line":232,"column":79}},"85":{"start":{"line":233,"column":16},"end":{"line":233,"column":25}},"86":{"start":{"line":237,"column":36},"end":{"line":245,"column":13}},"87":{"start":{"line":247,"column":29},"end":{"line":247,"column":30}},"88":{"start":{"line":249,"column":12},"end":{"line":290,"column":13}},"89":{"start":{"line":250,"column":16},"end":{"line":289,"column":17}},"90":{"start":{"line":251,"column":20},"end":{"line":288,"column":21}},"91":{"start":{"line":252,"column":37},"end":{"line":252,"column":91}},"92":{"start":{"line":255,"column":41},"end":{"line":255,"column":60}},"93":{"start":{"line":256,"column":47},"end":{"line":259,"column":26}},"94":{"start":{"line":261,"column":55},"end":{"line":266,"column":25}},"95":{"start":{"line":269,"column":42},"end":{"line":269,"column":73}},"96":{"start":{"line":270,"column":24},"end":{"line":284,"column":25}},"97":{"start":{"line":271,"column":28},"end":{"line":271,"column":55}},"98":{"start":{"line":272,"column":31},"end":{"line":284,"column":25}},"99":{"start":{"line":273,"column":28},"end":{"line":273,"column":63}},"100":{"start":{"line":274,"column":31},"end":{"line":284,"column":25}},"101":{"start":{"line":275,"column":28},"end":{"line":275,"column":55}},"102":{"start":{"line":276,"column":31},"end":{"line":284,"column":25}},"103":{"start":{"line":277,"column":28},"end":{"line":277,"column":58}},"104":{"start":{"line":278,"column":31},"end":{"line":284,"column":25}},"105":{"start":{"line":279,"column":28},"end":{"line":279,"column":59}},"106":{"start":{"line":280,"column":31},"end":{"line":284,"column":25}},"107":{"start":{"line":281,"column":28},"end":{"line":281,"column":55}},"108":{"start":{"line":282,"column":31},"end":{"line":284,"column":25}},"109":{"start":{"line":283,"column":28},"end":{"line":283,"column":56}},"110":{"start":{"line":287,"column":24},"end":{"line":287,"column":75}},"111":{"start":{"line":292,"column":12},"end":{"line":296,"column":15}},"112":{"start":{"line":300,"column":8},"end":{"line":300,"column":76}},"113":{"start":{"line":302,"column":8},"end":{"line":302,"column":22}},"114":{"start":{"line":304,"column":8},"end":{"line":304,"column":64}},"115":{"start":{"line":305,"column":8},"end":{"line":305,"column":44}},"116":{"start":{"line":309,"column":27},"end":{"line":352,"column":1}},"117":{"start":{"line":310,"column":4},"end":{"line":351,"column":5}},"118":{"start":{"line":312,"column":21},"end":{"line":312,"column":36}},"119":{"start":{"line":314,"column":8},"end":{"line":317,"column":9}},"120":{"start":{"line":315,"column":12},"end":{"line":315,"column":53}},"121":{"start":{"line":316,"column":12},"end":{"line":316,"column":25}},"122":{"start":{"line":320,"column":38},"end":{"line":323,"column":39}},"123":{"start":{"line":325,"column":8},"end":{"line":328,"column":9}},"124":{"start":{"line":326,"column":12},"end":{"line":326,"column":76}},"125":{"start":{"line":327,"column":12},"end":{"line":327,"column":29}},"126":{"start":{"line":331,"column":41},"end":{"line":335,"column":38}},"127":{"start":{"line":337,"column":8},"end":{"line":340,"column":9}},"128":{"start":{"line":338,"column":12},"end":{"line":338,"column":70}},"129":{"start":{"line":339,"column":12},"end":{"line":339,"column":32}},"130":{"start":{"line":343,"column":28},"end":{"line":343,"column":56}},"131":{"start":{"line":344,"column":30},"end":{"line":344,"column":79}},"132":{"start":{"line":344,"column":58},"end":{"line":344,"column":78}},"133":{"start":{"line":345,"column":8},"end":{"line":345,"column":83}},"134":{"start":{"line":347,"column":8},"end":{"line":347,"column":20}},"135":{"start":{"line":349,"column":8},"end":{"line":349,"column":58}},"136":{"start":{"line":350,"column":8},"end":{"line":350,"column":21}},"137":{"start":{"line":355,"column":24},"end":{"line":363,"column":1}},"138":{"start":{"line":356,"column":4},"end":{"line":362,"column":5}},"139":{"start":{"line":357,"column":8},"end":{"line":357,"column":66}},"140":{"start":{"line":358,"column":8},"end":{"line":358,"column":20}},"141":{"start":{"line":360,"column":8},"end":{"line":360,"column":56}},"142":{"start":{"line":361,"column":8},"end":{"line":361,"column":21}},"143":{"start":{"line":365,"column":23},"end":{"line":373,"column":1}},"144":{"start":{"line":366,"column":4},"end":{"line":372,"column":5}},"145":{"start":{"line":367,"column":25},"end":{"line":367,"column":60}},"146":{"start":{"line":368,"column":8},"end":{"line":368,"column":54}},"147":{"start":{"line":370,"column":8},"end":{"line":370,"column":55}},"148":{"start":{"line":371,"column":8},"end":{"line":371,"column":20}},"149":{"start":{"line":375,"column":26},"end":{"line":383,"column":1}},"150":{"start":{"line":376,"column":4},"end":{"line":382,"column":5}},"151":{"start":{"line":377,"column":8},"end":{"line":377,"column":47}},"152":{"start":{"line":378,"column":8},"end":{"line":378,"column":20}},"153":{"start":{"line":380,"column":8},"end":{"line":380,"column":57}},"154":{"start":{"line":381,"column":8},"end":{"line":381,"column":21}},"155":{"start":{"line":385,"column":30},"end":{"line":393,"column":1}},"156":{"start":{"line":386,"column":4},"end":{"line":392,"column":5}},"157":{"start":{"line":387,"column":21},"end":{"line":387,"column":36}},"158":{"start":{"line":388,"column":8},"end":{"line":388,"column":29}},"159":{"start":{"line":390,"column":8},"end":{"line":390,"column":57}},"160":{"start":{"line":391,"column":8},"end":{"line":391,"column":21}}},"fnMap":{"0":{"name":"(anonymous_0)","decl":{"start":{"line":33,"column":27},"end":{"line":33,"column":28}},"loc":{"start":{"line":33,"column":53},"end":{"line":91,"column":1}},"line":33},"1":{"name":"(anonymous_1)","decl":{"start":{"line":79,"column":44},"end":{"line":79,"column":45}},"loc":{"start":{"line":79,"column":49},"end":{"line":79,"column":66}},"line":79},"2":{"name":"(anonymous_2)","decl":{"start":{"line":93,"column":30},"end":{"line":93,"column":31}},"loc":{"start":{"line":93,"column":59},"end":{"line":108,"column":1}},"line":93},"3":{"name":"(anonymous_3)","decl":{"start":{"line":100,"column":41},"end":{"line":100,"column":42}},"loc":{"start":{"line":101,"column":12},"end":{"line":101,"column":43}},"line":101},"4":{"name":"(anonymous_4)","decl":{"start":{"line":110,"column":25},"end":{"line":110,"column":26}},"loc":{"start":{"line":110,"column":54},"end":{"line":174,"column":1}},"line":110},"5":{"name":"(anonymous_5)","decl":{"start":{"line":177,"column":29},"end":{"line":177,"column":30}},"loc":{"start":{"line":177,"column":61},"end":{"line":185,"column":1}},"line":177},"6":{"name":"(anonymous_6)","decl":{"start":{"line":187,"column":25},"end":{"line":187,"column":26}},"loc":{"start":{"line":187,"column":57},"end":{"line":307,"column":1}},"line":187},"7":{"name":"(anonymous_7)","decl":{"start":{"line":309,"column":27},"end":{"line":309,"column":28}},"loc":{"start":{"line":309,"column":81},"end":{"line":352,"column":1}},"line":309},"8":{"name":"(anonymous_8)","decl":{"start":{"line":344,"column":49},"end":{"line":344,"column":50}},"loc":{"start":{"line":344,"column":58},"end":{"line":344,"column":78}},"line":344},"9":{"name":"(anonymous_9)","decl":{"start":{"line":355,"column":24},"end":{"line":355,"column":25}},"loc":{"start":{"line":355,"column":64},"end":{"line":363,"column":1}},"line":355},"10":{"name":"(anonymous_10)","decl":{"start":{"line":365,"column":23},"end":{"line":365,"column":24}},"loc":{"start":{"line":365,"column":57},"end":{"line":373,"column":1}},"line":365},"11":{"name":"(anonymous_11)","decl":{"start":{"line":375,"column":26},"end":{"line":375,"column":27}},"loc":{"start":{"line":375,"column":56},"end":{"line":383,"column":1}},"line":375},"12":{"name":"(anonymous_12)","decl":{"start":{"line":385,"column":30},"end":{"line":385,"column":31}},"loc":{"start":{"line":385,"column":60},"end":{"line":393,"column":1}},"line":385}},"branchMap":{"0":{"loc":{"start":{"line":38,"column":8},"end":{"line":40,"column":9}},"type":"if","locations":[{"start":{"line":38,"column":8},"end":{"line":40,"column":9}},{"start":{},"end":{}}],"line":38},"1":{"loc":{"start":{"line":48,"column":8},"end":{"line":51,"column":9}},"type":"if","locations":[{"start":{"line":48,"column":8},"end":{"line":51,"column":9}},{"start":{},"end":{}}],"line":48},"2":{"loc":{"start":{"line":57,"column":12},"end":{"line":63,"column":13}},"type":"if","locations":[{"start":{"line":57,"column":12},"end":{"line":63,"column":13}},{"start":{},"end":{}}],"line":57},"3":{"loc":{"start":{"line":57,"column":16},"end":{"line":57,"column":41}},"type":"binary-expr","locations":[{"start":{"line":57,"column":16},"end":{"line":57,"column":25}},{"start":{"line":57,"column":29},"end":{"line":57,"column":41}}],"line":57},"4":{"loc":{"start":{"line":61,"column":32},"end":{"line":61,"column":55}},"type":"binary-expr","locations":[{"start":{"line":61,"column":32},"end":{"line":61,"column":50}},{"start":{"line":61,"column":54},"end":{"line":61,"column":55}}],"line":61},"5":{"loc":{"start":{"line":66,"column":8},"end":{"line":75,"column":9}},"type":"if","locations":[{"start":{"line":66,"column":8},"end":{"line":75,"column":9}},{"start":{},"end":{}}],"line":66},"6":{"loc":{"start":{"line":71,"column":12},"end":{"line":74,"column":13}},"type":"if","locations":[{"start":{"line":71,"column":12},"end":{"line":74,"column":13}},{"start":{},"end":{}}],"line":71},"7":{"loc":{"start":{"line":81,"column":8},"end":{"line":84,"column":9}},"type":"if","locations":[{"start":{"line":81,"column":8},"end":{"line":84,"column":9}},{"start":{},"end":{}}],"line":81},"8":{"loc":{"start":{"line":101,"column":12},"end":{"line":101,"column":43}},"type":"cond-expr","locations":[{"start":{"line":101,"column":29},"end":{"line":101,"column":37}},{"start":{"line":101,"column":40},"end":{"line":101,"column":43}}],"line":101},"9":{"loc":{"start":{"line":115,"column":8},"end":{"line":117,"column":9}},"type":"if","locations":[{"start":{"line":115,"column":8},"end":{"line":117,"column":9}},{"start":{},"end":{}}],"line":115},"10":{"loc":{"start":{"line":125,"column":27},"end":{"line":125,"column":55}},"type":"binary-expr","locations":[{"start":{"line":125,"column":27},"end":{"line":125,"column":44}},{"start":{"line":125,"column":48},"end":{"line":125,"column":55}}],"line":125},"11":{"loc":{"start":{"line":130,"column":8},"end":{"line":133,"column":9}},"type":"if","locations":[{"start":{"line":130,"column":8},"end":{"line":133,"column":9}},{"start":{},"end":{}}],"line":130},"12":{"loc":{"start":{"line":141,"column":12},"end":{"line":147,"column":13}},"type":"if","locations":[{"start":{"line":141,"column":12},"end":{"line":147,"column":13}},{"start":{},"end":{}}],"line":141},"13":{"loc":{"start":{"line":141,"column":16},"end":{"line":141,"column":41}},"type":"binary-expr","locations":[{"start":{"line":141,"column":16},"end":{"line":141,"column":25}},{"start":{"line":141,"column":29},"end":{"line":141,"column":41}}],"line":141},"14":{"loc":{"start":{"line":145,"column":32},"end":{"line":145,"column":55}},"type":"binary-expr","locations":[{"start":{"line":145,"column":32},"end":{"line":145,"column":50}},{"start":{"line":145,"column":54},"end":{"line":145,"column":55}}],"line":145},"15":{"loc":{"start":{"line":150,"column":8},"end":{"line":161,"column":9}},"type":"if","locations":[{"start":{"line":150,"column":8},"end":{"line":161,"column":9}},{"start":{},"end":{}}],"line":150},"16":{"loc":{"start":{"line":155,"column":12},"end":{"line":160,"column":13}},"type":"if","locations":[{"start":{"line":155,"column":12},"end":{"line":160,"column":13}},{"start":{},"end":{}}],"line":155},"17":{"loc":{"start":{"line":180,"column":15},"end":{"line":180,"column":57}},"type":"cond-expr","locations":[{"start":{"line":180,"column":29},"end":{"line":180,"column":52}},{"start":{"line":180,"column":55},"end":{"line":180,"column":57}}],"line":180},"18":{"loc":{"start":{"line":192,"column":8},"end":{"line":195,"column":9}},"type":"if","locations":[{"start":{"line":192,"column":8},"end":{"line":195,"column":9}},{"start":{},"end":{}}],"line":192},"19":{"loc":{"start":{"line":204,"column":8},"end":{"line":207,"column":9}},"type":"if","locations":[{"start":{"line":204,"column":8},"end":{"line":207,"column":9}},{"start":{},"end":{}}],"line":204},"20":{"loc":{"start":{"line":209,"column":8},"end":{"line":211,"column":9}},"type":"if","locations":[{"start":{"line":209,"column":8},"end":{"line":211,"column":9}},{"start":{},"end":{}}],"line":209},"21":{"loc":{"start":{"line":209,"column":12},"end":{"line":209,"column":48}},"type":"binary-expr","locations":[{"start":{"line":209,"column":12},"end":{"line":209,"column":22}},{"start":{"line":209,"column":26},"end":{"line":209,"column":48}}],"line":209},"22":{"loc":{"start":{"line":231,"column":12},"end":{"line":234,"column":13}},"type":"if","locations":[{"start":{"line":231,"column":12},"end":{"line":234,"column":13}},{"start":{},"end":{}}],"line":231},"23":{"loc":{"start":{"line":249,"column":12},"end":{"line":290,"column":13}},"type":"if","locations":[{"start":{"line":249,"column":12},"end":{"line":290,"column":13}},{"start":{},"end":{}}],"line":249},"24":{"loc":{"start":{"line":251,"column":20},"end":{"line":288,"column":21}},"type":"if","locations":[{"start":{"line":251,"column":20},"end":{"line":288,"column":21}},{"start":{},"end":{}}],"line":251},"25":{"loc":{"start":{"line":252,"column":37},"end":{"line":252,"column":91}},"type":"cond-expr","locations":[{"start":{"line":252,"column":65},"end":{"line":252,"column":78}},{"start":{"line":252,"column":81},"end":{"line":252,"column":91}}],"line":252},"26":{"loc":{"start":{"line":255,"column":41},"end":{"line":255,"column":60}},"type":"binary-expr","locations":[{"start":{"line":255,"column":41},"end":{"line":255,"column":55}},{"start":{"line":255,"column":59},"end":{"line":255,"column":60}}],"line":255},"27":{"loc":{"start":{"line":270,"column":24},"end":{"line":284,"column":25}},"type":"if","locations":[{"start":{"line":270,"column":24},"end":{"line":284,"column":25}},{"start":{"line":272,"column":31},"end":{"line":284,"column":25}}],"line":270},"28":{"loc":{"start":{"line":272,"column":31},"end":{"line":284,"column":25}},"type":"if","locations":[{"start":{"line":272,"column":31},"end":{"line":284,"column":25}},{"start":{"line":274,"column":31},"end":{"line":284,"column":25}}],"line":272},"29":{"loc":{"start":{"line":272,"column":35},"end":{"line":272,"column":101}},"type":"binary-expr","locations":[{"start":{"line":272,"column":35},"end":{"line":272,"column":66}},{"start":{"line":272,"column":70},"end":{"line":272,"column":101}}],"line":272},"30":{"loc":{"start":{"line":274,"column":31},"end":{"line":284,"column":25}},"type":"if","locations":[{"start":{"line":274,"column":31},"end":{"line":284,"column":25}},{"start":{"line":276,"column":31},"end":{"line":284,"column":25}}],"line":274},"31":{"loc":{"start":{"line":276,"column":31},"end":{"line":284,"column":25}},"type":"if","locations":[{"start":{"line":276,"column":31},"end":{"line":284,"column":25}},{"start":{"line":278,"column":31},"end":{"line":284,"column":25}}],"line":276},"32":{"loc":{"start":{"line":278,"column":31},"end":{"line":284,"column":25}},"type":"if","locations":[{"start":{"line":278,"column":31},"end":{"line":284,"column":25}},{"start":{"line":280,"column":31},"end":{"line":284,"column":25}}],"line":278},"33":{"loc":{"start":{"line":278,"column":35},"end":{"line":278,"column":99}},"type":"binary-expr","locations":[{"start":{"line":278,"column":35},"end":{"line":278,"column":60}},{"start":{"line":278,"column":64},"end":{"line":278,"column":99}}],"line":278},"34":{"loc":{"start":{"line":280,"column":31},"end":{"line":284,"column":25}},"type":"if","locations":[{"start":{"line":280,"column":31},"end":{"line":284,"column":25}},{"start":{"line":282,"column":31},"end":{"line":284,"column":25}}],"line":280},"35":{"loc":{"start":{"line":282,"column":31},"end":{"line":284,"column":25}},"type":"if","locations":[{"start":{"line":282,"column":31},"end":{"line":284,"column":25}},{"start":{},"end":{}}],"line":282},"36":{"loc":{"start":{"line":287,"column":50},"end":{"line":287,"column":73}},"type":"binary-expr","locations":[{"start":{"line":287,"column":50},"end":{"line":287,"column":68}},{"start":{"line":287,"column":72},"end":{"line":287,"column":73}}],"line":287},"37":{"loc":{"start":{"line":314,"column":8},"end":{"line":317,"column":9}},"type":"if","locations":[{"start":{"line":314,"column":8},"end":{"line":317,"column":9}},{"start":{},"end":{}}],"line":314},"38":{"loc":{"start":{"line":325,"column":8},"end":{"line":328,"column":9}},"type":"if","locations":[{"start":{"line":325,"column":8},"end":{"line":328,"column":9}},{"start":{},"end":{}}],"line":325},"39":{"loc":{"start":{"line":337,"column":8},"end":{"line":340,"column":9}},"type":"if","locations":[{"start":{"line":337,"column":8},"end":{"line":340,"column":9}},{"start":{},"end":{}}],"line":337},"40":{"loc":{"start":{"line":368,"column":15},"end":{"line":368,"column":53}},"type":"cond-expr","locations":[{"start":{"line":368,"column":26},"end":{"line":368,"column":46}},{"start":{"line":368,"column":49},"end":{"line":368,"column":53}}],"line":368}},"s":{"0":0,"1":0,"2":0,"3":0,"4":0,"5":0,"6":0,"7":0,"8":0,"9":0,"10":0,"11":0,"12":0,"13":0,"14":0,"15":0,"16":0,"17":0,"18":0,"19":0,"20":0,"21":0,"22":0,"23":0,"24":0,"25":0,"26":0,"27":0,"28":0,"29":0,"30":0,"31":0,"32":0,"33":0,"34":0,"35":0,"36":0,"37":0,"38":0,"39":0,"40":0,"41":0,"42":0,"43":0,"44":0,"45":0,"46":0,"47":0,"48":0,"49":0,"50":0,"51":0,"52":0,"53":0,"54":0,"55":0,"56":0,"57":0,"58":0,"59":0,"60":0,"61":0,"62":0,"63":0,"64":0,"65":0,"66":0,"67":0,"68":0,"69":0,"70":0,"71":0,"72":0,"73":0,"74":0,"75":0,"76":0,"77":0,"78":0,"79":0,"80":0,"81":0,"82":0,"83":0,"84":0,"85":0,"86":0,"87":0,"88":0,"89":0,"90":0,"91":0,"92":0,"93":0,"94":0,"95":0,"96":0,"97":0,"98":0,"99":0,"100":0,"101":0,"102":0,"103":0,"104":0,"105":0,"106":0,"107":0,"108":0,"109":0,"110":0,"111":0,"112":0,"113":0,"114":0,"115":0,"116":0,"117":0,"118":0,"119":0,"120":0,"121":0,"122":0,"123":0,"124":0,"125":0,"126":0,"127":0,"128":0,"129":0,"130":0,"131":0,"132":0,"133":0,"134":0,"135":0,"136":0,"137":0,"138":0,"139":0,"140":0,"141":0,"142":0,"143":0,"144":0,"145":0,"146":0,"147":0,"148":0,"149":0,"150":0,"151":0,"152":0,"153":0,"154":0,"155":0,"156":0,"157":0,"158":0,"159":0,"160":0},"f":{"0":0,"1":0,"2":0,"3":0,"4":0,"5":0,"6":0,"7":0,"8":0,"9":0,"10":0,"11":0,"12":0},"b":{"0":[0,0],"1":[0,0],"2":[0,0],"3":[0,0],"4":[0,0],"5":[0,0],"6":[0,0],"7":[0,0],"8":[0,0],"9":[0,0],"10":[0,0],"11":[0,0],"12":[0,0],"13":[0,0],"14":[0,0],"15":[0,0],"16":[0,0],"17":[0,0],"18":[0,0],"19":[0,0],"20":[0,0],"21":[0,0],"22":[0,0],"23":[0,0],"24":[0,0],"25":[0,0],"26":[0,0],"27":[0,0],"28":[0,0],"29":[0,0],"30":[0,0],"31":[0,0],"32":[0,0],"33":[0,0],"34":[0,0],"35":[0,0],"36":[0,0],"37":[0,0],"38":[0,0],"39":[0,0],"40":[0,0]}}
,"C:\\Users\\lucas\\Documents\\projetos dev\\monteOnlinePc\\src\\utils\\supabase.ts": {"path":"C:\\Users\\lucas\\Documents\\projetos dev\\monteOnlinePc\\src\\utils\\supabase.ts","statementMap":{"0":{"start":{"line":4,"column":20},"end":{"line":4,"column":102}},"1":{"start":{"line":5,"column":20},"end":{"line":5,"column":270}},"2":{"start":{"line":7,"column":24},"end":{"line":14,"column":2}}},"fnMap":{},"branchMap":{"0":{"loc":{"start":{"line":4,"column":20},"end":{"line":4,"column":102}},"type":"binary-expr","locations":[{"start":{"line":4,"column":20},"end":{"line":4,"column":56}},{"start":{"line":4,"column":60},"end":{"line":4,"column":102}}],"line":4},"1":{"loc":{"start":{"line":5,"column":20},"end":{"line":5,"column":270}},"type":"binary-expr","locations":[{"start":{"line":5,"column":20},"end":{"line":5,"column":56}},{"start":{"line":5,"column":60},"end":{"line":5,"column":270}}],"line":5}},"s":{"0":0,"1":0,"2":0},"f":{},"b":{"0":[0,0],"1":[0,0]}}
}
